#
# A fatal error has been detected by the Java Runtime Environment:
#
#  SIGSEGV (0xb) at pc=0x00007f6e8cca0425, pid=3425, tid=3450
#
# JRE version: Java(TM) SE Runtime Environment (11.0.1+13) (build 11.0.1+13-LTS)
# Java VM: Java HotSpot(TM) 64-Bit Server VM (11.0.1+13-LTS, mixed mode, tiered, compressed oops, g1 gc, linux-amd64)
# Problematic frame:
# v  ~BufferBlob::jni_fast_GetLongField
#
# Core dump will be written. Default location: Core dumps may be processed with "/usr/share/apport/apport %p %s %c %d %P" (or dumping to /home/yuheng/eclipse-workspace/ChatApplication/core.3425)
#
# If you would like to submit a bug report, please visit:
#   http://bugreport.java.com/bugreport/crash.jsp
# The crash happened outside the Java Virtual Machine in native code.
# See problematic frame for where to report the bug.
#

---------------  S U M M A R Y ------------

Command Line: -Dfile.encoding=UTF-8 Interface.Graphique

Host: Intel(R) Core(TM) i7-8750H CPU @ 2.20GHz, 12 cores, 7G, Ubuntu 16.04.5 LTS
Time: Sat Jan 19 10:43:21 2019 CET elapsed time: 996 seconds (0d 0h 16m 36s)

---------------  T H R E A D  ---------------

Current thread (0x00007f6ea43e0000):  JavaThread "AWT-XAWT" daemon [_thread_in_native, id=3450, stack(0x00007f6e45319000,0x00007f6e4541a000)]

Stack: [0x00007f6e45319000,0x00007f6e4541a000],  sp=0x00007f6e45418808,  free space=1022k
Native frames: (J=compiled Java code, A=aot compiled Java code, j=interpreted, Vv=VM code, C=native code)
v  ~BufferBlob::jni_fast_GetLongField

Java frames: (J=compiled Java code, j=interpreted, Vv=VM code)
J 1507  sun.awt.X11.XlibWrapper.XFilterEvent(JJ)Z java.desktop@11.0.1 (0 bytes) @ 0x00007f6e94786e04 [0x00007f6e94786dc0+0x0000000000000044]
j  sun.awt.X11.XToolkit.run(Z)V+287 java.desktop@11.0.1
j  sun.awt.X11.XToolkit.run()V+5 java.desktop@11.0.1
j  java.lang.Thread.run()V+11 java.base@11.0.1
v  ~StubRoutines::call_stub

siginfo: si_signo: 11 (SIGSEGV), si_code: 1 (SEGV_MAPERR), si_addr: 0x0000000000000000

Register to memory mapping:

RAX=0x00007f6eaacfe3c0: <offset 0x00000000014593c0> in /usr/local/jdk-11.0.1/lib/server/libjvm.so at 0x00007f6ea98a5000
RBX=0x00007f6ea43e0340 points into unknown readable memory
RCX=0x0000000000000001 is an unknown value
RDX=0x0000000000000042 is an unknown value
RSP=0x00007f6e45418808 is pointing into the stack for thread: 0x00007f6ea43e0000
RBP=0x00007f6e45418830 is pointing into the stack for thread: 0x00007f6ea43e0000
RSI=0x0 is NULL
RDI=0x00007f6ea43e0340 points into unknown readable memory
R8 =0x0000000000000003 is an unknown value
R9 =0x0 is NULL
R10=0x00000000000000d8 is an unknown value
R11=0x0000000000000010 is an unknown value
R12=0x00007f6e282c4390 points into unknown readable memory
R13=0x0 is NULL
R14=0x00007f6e454188b0 is pointing into the stack for thread: 0x00007f6ea43e0000
R15=0x00007f6ea43e0000 is a thread


Registers:
RAX=0x00007f6eaacfe3c0, RBX=0x00007f6ea43e0340, RCX=0x0000000000000001, RDX=0x0000000000000042
RSP=0x00007f6e45418808, RBP=0x00007f6e45418830, RSI=0x0000000000000000, RDI=0x00007f6ea43e0340
R8 =0x0000000000000003, R9 =0x0000000000000000, R10=0x00000000000000d8, R11=0x0000000000000010
R12=0x00007f6e282c4390, R13=0x0000000000000000, R14=0x00007f6e454188b0, R15=0x00007f6ea43e0000
RIP=0x00007f6e8cca0425, EFLAGS=0x0000000000010246, CSGSFS=0x002b000000000033, ERR=0x0000000000000004
  TRAPNO=0x000000000000000e

Top of Stack: (sp=0x00007f6e45418808)
0x00007f6e45418808:   00007f6e6a514173 00007f6e44cd4288
0x00007f6e45418818:   00007f6e80a31f00 00007f6e282c4390
0x00007f6e45418828:   00007f6e454188d8 0000000000000000
0x00007f6e45418838:   00007f6e69ff6420 00007f6e80a31f00 

Instructions: (pc=0x00007f6e8cca0425)
0x00007f6e8cca0405:   0b 1e 4c 8b ce 41 f6 c2 01 0f 85 32 00 00 00 4d
0x00007f6e8cca0415:   33 ca 4d 33 ca 4c 8b da 49 c1 eb 02 49 83 e1 fe
0x00007f6e8cca0425:   4d 8b 09 4b 8b 04 19 49 bb ec fa d5 aa 6e 7f 00
0x00007f6e8cca0435:   00 4c 33 d8 4c 33 d8 45 3b 13 0f 85 01 00 00 00 



---------------  P R O C E S S  ---------------

Threads class SMR info:
_java_thread_list=0x00007f6e58006020, length=19, elements={
0x00007f6ea4168000, 0x00007f6ea416c000, 0x00007f6ea417f800, 0x00007f6ea4181800,
0x00007f6ea4183800, 0x00007f6ea4185800, 0x00007f6ea4203800, 0x00007f6ea4215000,
0x00007f6ea43da000, 0x00007f6ea43e0000, 0x00007f6ea43e6000, 0x00007f6ea43e8000,
0x00007f6ea4011800, 0x00007f6e281ab000, 0x00007f6e2812e800, 0x00007f6e58001000,
0x00007f6e58003000, 0x00007f6df8001000, 0x00007f6e58004800
}

Java Threads: ( => current thread )
  0x00007f6ea4168000 JavaThread "Reference Handler" daemon [_thread_blocked, id=3437, stack(0x00007f6e80080000,0x00007f6e80181000)]
  0x00007f6ea416c000 JavaThread "Finalizer" daemon [_thread_blocked, id=3438, stack(0x00007f6e6beff000,0x00007f6e6c000000)]
  0x00007f6ea417f800 JavaThread "Signal Dispatcher" daemon [_thread_blocked, id=3439, stack(0x00007f6e6b43f000,0x00007f6e6b540000)]
  0x00007f6ea4181800 JavaThread "C2 CompilerThread0" daemon [_thread_blocked, id=3440, stack(0x00007f6e6b33e000,0x00007f6e6b43f000)]
  0x00007f6ea4183800 JavaThread "C1 CompilerThread0" daemon [_thread_blocked, id=3441, stack(0x00007f6e6b23d000,0x00007f6e6b33e000)]
  0x00007f6ea4185800 JavaThread "Sweeper thread" daemon [_thread_blocked, id=3442, stack(0x00007f6e6b13c000,0x00007f6e6b23d000)]
  0x00007f6ea4203800 JavaThread "Service Thread" daemon [_thread_blocked, id=3443, stack(0x00007f6e6b03b000,0x00007f6e6b13c000)]
  0x00007f6ea4215000 JavaThread "Common-Cleaner" daemon [_thread_blocked, id=3445, stack(0x00007f6e6ae39000,0x00007f6e6af3a000)]
  0x00007f6ea43da000 JavaThread "Java2D Disposer" daemon [_thread_blocked, id=3449, stack(0x00007f6e68082000,0x00007f6e68183000)]
=>0x00007f6ea43e0000 JavaThread "AWT-XAWT" daemon [_thread_in_native, id=3450, stack(0x00007f6e45319000,0x00007f6e4541a000)]
  0x00007f6ea43e6000 JavaThread "AWT-Shutdown" [_thread_blocked, id=3451, stack(0x00007f6e45218000,0x00007f6e45319000)]
  0x00007f6ea43e8000 JavaThread "AWT-EventQueue-0" [_thread_blocked, id=3452, stack(0x00007f6e45117000,0x00007f6e45218000)]
  0x00007f6ea4011800 JavaThread "DestroyJavaVM" [_thread_blocked, id=3426, stack(0x00007f6eaba9e000,0x00007f6eabb9f000)]
  0x00007f6e281ab000 JavaThread "TimerQueue" daemon [_thread_blocked, id=3466, stack(0x00007f6e45016000,0x00007f6e45117000)]
  0x00007f6e2812e800 JavaThread "Thread-0" [_thread_in_native, id=3491, stack(0x00007f6e44d15000,0x00007f6e44e16000)]
  0x00007f6e58001000 JavaThread "SIGTERM handler" daemon [_thread_blocked, id=4557, stack(0x00007f6e44a14000,0x00007f6e44b15000)]
  0x00007f6e58003000 JavaThread "SIGHUP handler" daemon [_thread_blocked, id=4559, stack(0x00007f6e44913000,0x00007f6e44a14000)]
  0x00007f6df8001000 JavaThread "XToolkt-Shutdown-Thread" [_thread_blocked, id=4589, stack(0x00007f6e139fa000,0x00007f6e13afb000)]
  0x00007f6e58004800 JavaThread "SIGTERM handler" daemon [_thread_blocked, id=4590, stack(0x00007f6e138f9000,0x00007f6e139fa000)]

Other Threads:
  0x00007f6ea415f800 VMThread "VM Thread" [stack: 0x00007f6e80182000,0x00007f6e80282000] [id=3436]
  0x00007f6ea420e000 WatcherThread [stack: 0x00007f6e6af3b000,0x00007f6e6b03b000] [id=3444]
  0x00007f6ea4039800 GCTaskThread "GC Thread#0" [stack: 0x00007f6ea801d000,0x00007f6ea811d000] [id=3427]
  0x00007f6e70001000 GCTaskThread "GC Thread#1" [stack: 0x00007f6e4412e000,0x00007f6e4422e000] [id=4489]
  0x00007f6e70002800 GCTaskThread "GC Thread#2" [stack: 0x00007f6e4402d000,0x00007f6e4412d000] [id=4490]
  0x00007f6e70004000 GCTaskThread "GC Thread#3" [stack: 0x00007f6e13f00000,0x00007f6e14000000] [id=4491]
  0x00007f6e70005800 GCTaskThread "GC Thread#4" [stack: 0x00007f6e13dff000,0x00007f6e13eff000] [id=4492]
  0x00007f6e70007000 GCTaskThread "GC Thread#5" [stack: 0x00007f6e13cfe000,0x00007f6e13dfe000] [id=4493]
  0x00007f6e70008800 GCTaskThread "GC Thread#6" [stack: 0x00007f6e13bfd000,0x00007f6e13cfd000] [id=4494]
  0x00007f6e7000a800 GCTaskThread "GC Thread#7" [stack: 0x00007f6e13afc000,0x00007f6e13bfc000] [id=4495]
  0x00007f6ea406a800 ConcurrentGCThread "G1 Main Marker" [stack: 0x00007f6e8c13b000,0x00007f6e8c23b000] [id=3428]
  0x00007f6ea406c800 ConcurrentGCThread "G1 Conc#0" [stack: 0x00007f6e8c03a000,0x00007f6e8c13a000] [id=3429]
  0x00007f6ea40fd000 ConcurrentGCThread "G1 Refine#0" [stack: 0x00007f6e80c60000,0x00007f6e80d60000] [id=3430]
  0x00007f6ea40ff000 ConcurrentGCThread "G1 Young RemSet Sampling" [stack: 0x00007f6e80b5f000,0x00007f6e80c5f000] [id=3431]

Threads with active compile tasks:

VM state:not at safepoint (normal execution)

VM Mutex/Monitor currently owned by a thread: None

Heap address: 0x0000000085c00000, size: 1956 MB, Compressed Oops mode: 32-bit
Narrow klass base: 0x0000000000000000, Narrow klass shift: 3
Compressed class space size: 1073741824 Address: 0x0000000100000000

Heap:
 garbage-first heap   total 126976K, used 8541K [0x0000000085c00000, 0x0000000100000000)
  region size 1024K, 9 young (9216K), 3 survivors (3072K)
 Metaspace       used 18325K, capacity 18860K, committed 19200K, reserved 1067008K
  class space    used 1916K, capacity 2184K, committed 2304K, reserved 1048576K
Heap Regions: E=young(eden), S=young(survivor), O=old, HS=humongous(starts), HC=humongous(continues), CS=collection set, F=free, A=archive, TAMS=top-at-mark-start (previous, next)
|   0|0x0000000085c00000, 0x0000000085c57600, 0x0000000085d00000| 34%| O|  |TAMS 0x0000000085c00000, 0x0000000085c00000| Untracked 
|   1|0x0000000085d00000, 0x0000000085d00000, 0x0000000085e00000|  0%| F|  |TAMS 0x0000000085d00000, 0x0000000085d00000| Untracked 
|   2|0x0000000085e00000, 0x0000000085e00000, 0x0000000085f00000|  0%| F|  |TAMS 0x0000000085e00000, 0x0000000085e00000| Untracked 
|   3|0x0000000085f00000, 0x0000000085f00000, 0x0000000086000000|  0%| F|  |TAMS 0x0000000085f00000, 0x0000000085f00000| Untracked 
|   4|0x0000000086000000, 0x0000000086000000, 0x0000000086100000|  0%| F|  |TAMS 0x0000000086000000, 0x0000000086000000| Untracked 
|   5|0x0000000086100000, 0x0000000086100000, 0x0000000086200000|  0%| F|  |TAMS 0x0000000086100000, 0x0000000086100000| Untracked 
|   6|0x0000000086200000, 0x0000000086200000, 0x0000000086300000|  0%| F|  |TAMS 0x0000000086200000, 0x0000000086200000| Untracked 
|   7|0x0000000086300000, 0x0000000086300000, 0x0000000086400000|  0%| F|  |TAMS 0x0000000086300000, 0x0000000086300000| Untracked 
|   8|0x0000000086400000, 0x0000000086400000, 0x0000000086500000|  0%| F|  |TAMS 0x0000000086400000, 0x0000000086400000| Untracked 
|   9|0x0000000086500000, 0x0000000086500000, 0x0000000086600000|  0%| F|  |TAMS 0x0000000086500000, 0x0000000086500000| Untracked 
|  10|0x0000000086600000, 0x0000000086600000, 0x0000000086700000|  0%| F|  |TAMS 0x0000000086600000, 0x0000000086600000| Untracked 
|  11|0x0000000086700000, 0x0000000086700000, 0x0000000086800000|  0%| F|  |TAMS 0x0000000086700000, 0x0000000086700000| Untracked 
|  12|0x0000000086800000, 0x0000000086800000, 0x0000000086900000|  0%| F|  |TAMS 0x0000000086800000, 0x0000000086800000| Untracked 
|  13|0x0000000086900000, 0x0000000086900000, 0x0000000086a00000|  0%| F|  |TAMS 0x0000000086900000, 0x0000000086900000| Untracked 
|  14|0x0000000086a00000, 0x0000000086a00000, 0x0000000086b00000|  0%| F|  |TAMS 0x0000000086a00000, 0x0000000086a00000| Untracked 
|  15|0x0000000086b00000, 0x0000000086b00000, 0x0000000086c00000|  0%| F|  |TAMS 0x0000000086b00000, 0x0000000086b00000| Untracked 
|  16|0x0000000086c00000, 0x0000000086c00000, 0x0000000086d00000|  0%| F|  |TAMS 0x0000000086c00000, 0x0000000086c00000| Untracked 
|  17|0x0000000086d00000, 0x0000000086d00000, 0x0000000086e00000|  0%| F|  |TAMS 0x0000000086d00000, 0x0000000086d00000| Untracked 
|  18|0x0000000086e00000, 0x0000000086e00000, 0x0000000086f00000|  0%| F|  |TAMS 0x0000000086e00000, 0x0000000086e00000| Untracked 
|  19|0x0000000086f00000, 0x0000000086f00000, 0x0000000087000000|  0%| F|  |TAMS 0x0000000086f00000, 0x0000000086f00000| Untracked 
|  20|0x0000000087000000, 0x0000000087000000, 0x0000000087100000|  0%| F|  |TAMS 0x0000000087000000, 0x0000000087000000| Untracked 
|  21|0x0000000087100000, 0x0000000087100000, 0x0000000087200000|  0%| F|  |TAMS 0x0000000087100000, 0x0000000087100000| Untracked 
|  22|0x0000000087200000, 0x0000000087200000, 0x0000000087300000|  0%| F|  |TAMS 0x0000000087200000, 0x0000000087200000| Untracked 
|  23|0x0000000087300000, 0x0000000087300000, 0x0000000087400000|  0%| F|  |TAMS 0x0000000087300000, 0x0000000087300000| Untracked 
|  24|0x0000000087400000, 0x0000000087400000, 0x0000000087500000|  0%| F|  |TAMS 0x0000000087400000, 0x0000000087400000| Untracked 
|  25|0x0000000087500000, 0x0000000087500000, 0x0000000087600000|  0%| F|  |TAMS 0x0000000087500000, 0x0000000087500000| Untracked 
|  26|0x0000000087600000, 0x0000000087600000, 0x0000000087700000|  0%| F|  |TAMS 0x0000000087600000, 0x0000000087600000| Untracked 
|  27|0x0000000087700000, 0x0000000087700000, 0x0000000087800000|  0%| F|  |TAMS 0x0000000087700000, 0x0000000087700000| Untracked 
|  28|0x0000000087800000, 0x0000000087800000, 0x0000000087900000|  0%| F|  |TAMS 0x0000000087800000, 0x0000000087800000| Untracked 
|  29|0x0000000087900000, 0x0000000087900000, 0x0000000087a00000|  0%| F|  |TAMS 0x0000000087900000, 0x0000000087900000| Untracked 
|  30|0x0000000087a00000, 0x0000000087a00000, 0x0000000087b00000|  0%| F|  |TAMS 0x0000000087a00000, 0x0000000087a00000| Untracked 
|  31|0x0000000087b00000, 0x0000000087b00000, 0x0000000087c00000|  0%| F|  |TAMS 0x0000000087b00000, 0x0000000087b00000| Untracked 
|  32|0x0000000087c00000, 0x0000000087c00000, 0x0000000087d00000|  0%| F|  |TAMS 0x0000000087c00000, 0x0000000087c00000| Untracked 
|  33|0x0000000087d00000, 0x0000000087d00000, 0x0000000087e00000|  0%| F|  |TAMS 0x0000000087d00000, 0x0000000087d00000| Untracked 
|  34|0x0000000087e00000, 0x0000000087e00000, 0x0000000087f00000|  0%| F|  |TAMS 0x0000000087e00000, 0x0000000087e00000| Untracked 
|  35|0x0000000087f00000, 0x0000000087f00000, 0x0000000088000000|  0%| F|  |TAMS 0x0000000087f00000, 0x0000000087f00000| Untracked 
|  36|0x0000000088000000, 0x0000000088000000, 0x0000000088100000|  0%| F|  |TAMS 0x0000000088000000, 0x0000000088000000| Untracked 
|  37|0x0000000088100000, 0x0000000088100000, 0x0000000088200000|  0%| F|  |TAMS 0x0000000088100000, 0x0000000088100000| Untracked 
|  38|0x0000000088200000, 0x0000000088200000, 0x0000000088300000|  0%| F|  |TAMS 0x0000000088200000, 0x0000000088200000| Untracked 
|  39|0x0000000088300000, 0x0000000088300000, 0x0000000088400000|  0%| F|  |TAMS 0x0000000088300000, 0x0000000088300000| Untracked 
|  40|0x0000000088400000, 0x0000000088400000, 0x0000000088500000|  0%| F|  |TAMS 0x0000000088400000, 0x0000000088400000| Untracked 
|  41|0x0000000088500000, 0x0000000088500000, 0x0000000088600000|  0%| F|  |TAMS 0x0000000088500000, 0x0000000088500000| Untracked 
|  42|0x0000000088600000, 0x0000000088600000, 0x0000000088700000|  0%| F|  |TAMS 0x0000000088600000, 0x0000000088600000| Untracked 
|  43|0x0000000088700000, 0x0000000088700000, 0x0000000088800000|  0%| F|  |TAMS 0x0000000088700000, 0x0000000088700000| Untracked 
|  44|0x0000000088800000, 0x0000000088800000, 0x0000000088900000|  0%| F|  |TAMS 0x0000000088800000, 0x0000000088800000| Untracked 
|  45|0x0000000088900000, 0x0000000088900000, 0x0000000088a00000|  0%| F|  |TAMS 0x0000000088900000, 0x0000000088900000| Untracked 
|  46|0x0000000088a00000, 0x0000000088a00000, 0x0000000088b00000|  0%| F|  |TAMS 0x0000000088a00000, 0x0000000088a00000| Untracked 
|  47|0x0000000088b00000, 0x0000000088b00000, 0x0000000088c00000|  0%| F|  |TAMS 0x0000000088b00000, 0x0000000088b00000| Untracked 
|  48|0x0000000088c00000, 0x0000000088c00000, 0x0000000088d00000|  0%| F|  |TAMS 0x0000000088c00000, 0x0000000088c00000| Untracked 
|  49|0x0000000088d00000, 0x0000000088d00000, 0x0000000088e00000|  0%| F|  |TAMS 0x0000000088d00000, 0x0000000088d00000| Untracked 
|  50|0x0000000088e00000, 0x0000000088e00000, 0x0000000088f00000|  0%| F|  |TAMS 0x0000000088e00000, 0x0000000088e00000| Untracked 
|  51|0x0000000088f00000, 0x0000000088f00000, 0x0000000089000000|  0%| F|  |TAMS 0x0000000088f00000, 0x0000000088f00000| Untracked 
|  52|0x0000000089000000, 0x0000000089000000, 0x0000000089100000|  0%| F|  |TAMS 0x0000000089000000, 0x0000000089000000| Untracked 
|  53|0x0000000089100000, 0x0000000089100000, 0x0000000089200000|  0%| F|  |TAMS 0x0000000089100000, 0x0000000089100000| Untracked 
|  54|0x0000000089200000, 0x0000000089200000, 0x0000000089300000|  0%| F|  |TAMS 0x0000000089200000, 0x0000000089200000| Untracked 
|  55|0x0000000089300000, 0x0000000089300000, 0x0000000089400000|  0%| F|  |TAMS 0x0000000089300000, 0x0000000089300000| Untracked 
|  56|0x0000000089400000, 0x0000000089400000, 0x0000000089500000|  0%| F|  |TAMS 0x0000000089400000, 0x0000000089400000| Untracked 
|  57|0x0000000089500000, 0x0000000089500000, 0x0000000089600000|  0%| F|  |TAMS 0x0000000089500000, 0x0000000089500000| Untracked 
|  58|0x0000000089600000, 0x0000000089600000, 0x0000000089700000|  0%| F|  |TAMS 0x0000000089600000, 0x0000000089600000| Untracked 
|  59|0x0000000089700000, 0x0000000089700000, 0x0000000089800000|  0%| F|  |TAMS 0x0000000089700000, 0x0000000089700000| Untracked 
|  60|0x0000000089800000, 0x0000000089800000, 0x0000000089900000|  0%| F|  |TAMS 0x0000000089800000, 0x0000000089800000| Untracked 
|  61|0x0000000089900000, 0x0000000089900000, 0x0000000089a00000|  0%| F|  |TAMS 0x0000000089900000, 0x0000000089900000| Untracked 
|  62|0x0000000089a00000, 0x0000000089a00000, 0x0000000089b00000|  0%| F|  |TAMS 0x0000000089a00000, 0x0000000089a00000| Untracked 
|  63|0x0000000089b00000, 0x0000000089b00000, 0x0000000089c00000|  0%| F|  |TAMS 0x0000000089b00000, 0x0000000089b00000| Untracked 
|  64|0x0000000089c00000, 0x0000000089c00000, 0x0000000089d00000|  0%| F|  |TAMS 0x0000000089c00000, 0x0000000089c00000| Untracked 
|  65|0x0000000089d00000, 0x0000000089d00000, 0x0000000089e00000|  0%| F|  |TAMS 0x0000000089d00000, 0x0000000089d00000| Untracked 
|  66|0x0000000089e00000, 0x0000000089e00000, 0x0000000089f00000|  0%| F|  |TAMS 0x0000000089e00000, 0x0000000089e00000| Untracked 
|  67|0x0000000089f00000, 0x0000000089f00000, 0x000000008a000000|  0%| F|  |TAMS 0x0000000089f00000, 0x0000000089f00000| Untracked 
|  68|0x000000008a000000, 0x000000008a000000, 0x000000008a100000|  0%| F|  |TAMS 0x000000008a000000, 0x000000008a000000| Untracked 
|  69|0x000000008a100000, 0x000000008a100000, 0x000000008a200000|  0%| F|  |TAMS 0x000000008a100000, 0x000000008a100000| Untracked 
|  70|0x000000008a200000, 0x000000008a200000, 0x000000008a300000|  0%| F|  |TAMS 0x000000008a200000, 0x000000008a200000| Untracked 
|  71|0x000000008a300000, 0x000000008a300000, 0x000000008a400000|  0%| F|  |TAMS 0x000000008a300000, 0x000000008a300000| Untracked 
|  72|0x000000008a400000, 0x000000008a400000, 0x000000008a500000|  0%| F|  |TAMS 0x000000008a400000, 0x000000008a400000| Untracked 
|  73|0x000000008a500000, 0x000000008a500000, 0x000000008a600000|  0%| F|  |TAMS 0x000000008a500000, 0x000000008a500000| Untracked 
|  74|0x000000008a600000, 0x000000008a600000, 0x000000008a700000|  0%| F|  |TAMS 0x000000008a600000, 0x000000008a600000| Untracked 
|  75|0x000000008a700000, 0x000000008a700000, 0x000000008a800000|  0%| F|  |TAMS 0x000000008a700000, 0x000000008a700000| Untracked 
|  76|0x000000008a800000, 0x000000008a800000, 0x000000008a900000|  0%| F|  |TAMS 0x000000008a800000, 0x000000008a800000| Untracked 
|  77|0x000000008a900000, 0x000000008a900000, 0x000000008aa00000|  0%| F|  |TAMS 0x000000008a900000, 0x000000008a900000| Untracked 
|  78|0x000000008aa00000, 0x000000008aa00000, 0x000000008ab00000|  0%| F|  |TAMS 0x000000008aa00000, 0x000000008aa00000| Untracked 
|  79|0x000000008ab00000, 0x000000008ab00000, 0x000000008ac00000|  0%| F|  |TAMS 0x000000008ab00000, 0x000000008ab00000| Untracked 
|  80|0x000000008ac00000, 0x000000008ac00000, 0x000000008ad00000|  0%| F|  |TAMS 0x000000008ac00000, 0x000000008ac00000| Untracked 
|  81|0x000000008ad00000, 0x000000008ad00000, 0x000000008ae00000|  0%| F|  |TAMS 0x000000008ad00000, 0x000000008ad00000| Untracked 
|  82|0x000000008ae00000, 0x000000008ae00000, 0x000000008af00000|  0%| F|  |TAMS 0x000000008ae00000, 0x000000008ae00000| Untracked 
|  83|0x000000008af00000, 0x000000008af00000, 0x000000008b000000|  0%| F|  |TAMS 0x000000008af00000, 0x000000008af00000| Untracked 
|  84|0x000000008b000000, 0x000000008b000000, 0x000000008b100000|  0%| F|  |TAMS 0x000000008b000000, 0x000000008b000000| Untracked 
|  85|0x000000008b100000, 0x000000008b100000, 0x000000008b200000|  0%| F|  |TAMS 0x000000008b100000, 0x000000008b100000| Untracked 
|  86|0x000000008b200000, 0x000000008b200000, 0x000000008b300000|  0%| F|  |TAMS 0x000000008b200000, 0x000000008b200000| Untracked 
|  87|0x000000008b300000, 0x000000008b300000, 0x000000008b400000|  0%| F|  |TAMS 0x000000008b300000, 0x000000008b300000| Untracked 
|  88|0x000000008b400000, 0x000000008b400000, 0x000000008b500000|  0%| F|  |TAMS 0x000000008b400000, 0x000000008b400000| Untracked 
|  89|0x000000008b500000, 0x000000008b500000, 0x000000008b600000|  0%| F|  |TAMS 0x000000008b500000, 0x000000008b500000| Untracked 
|  90|0x000000008b600000, 0x000000008b600000, 0x000000008b700000|  0%| F|  |TAMS 0x000000008b600000, 0x000000008b600000| Untracked 
|  91|0x000000008b700000, 0x000000008b700000, 0x000000008b800000|  0%| F|  |TAMS 0x000000008b700000, 0x000000008b700000| Untracked 
|  92|0x000000008b800000, 0x000000008b800000, 0x000000008b900000|  0%| F|  |TAMS 0x000000008b800000, 0x000000008b800000| Untracked 
|  93|0x000000008b900000, 0x000000008b900000, 0x000000008ba00000|  0%| F|  |TAMS 0x000000008b900000, 0x000000008b900000| Untracked 
|  94|0x000000008ba00000, 0x000000008ba00000, 0x000000008bb00000|  0%| F|  |TAMS 0x000000008ba00000, 0x000000008ba00000| Untracked 
|  95|0x000000008bb00000, 0x000000008bb00000, 0x000000008bc00000|  0%| F|  |TAMS 0x000000008bb00000, 0x000000008bb00000| Untracked 
|  96|0x000000008bc00000, 0x000000008bc00000, 0x000000008bd00000|  0%| F|  |TAMS 0x000000008bc00000, 0x000000008bc00000| Untracked 
|  97|0x000000008bd00000, 0x000000008be00000, 0x000000008be00000|100%| S|CS|TAMS 0x000000008bd00000, 0x000000008bd00000| Complete 
|  98|0x000000008be00000, 0x000000008bf00000, 0x000000008bf00000|100%| S|CS|TAMS 0x000000008be00000, 0x000000008be00000| Complete 
|  99|0x000000008bf00000, 0x000000008c000000, 0x000000008c000000|100%| S|CS|TAMS 0x000000008bf00000, 0x000000008bf00000| Complete 
| 100|0x000000008c000000, 0x000000008c000000, 0x000000008c100000|  0%| F|  |TAMS 0x000000008c000000, 0x000000008c000000| Untracked 
| 101|0x000000008c100000, 0x000000008c100000, 0x000000008c200000|  0%| F|  |TAMS 0x000000008c100000, 0x000000008c100000| Untracked 
| 102|0x000000008c200000, 0x000000008c200000, 0x000000008c300000|  0%| F|  |TAMS 0x000000008c200000, 0x000000008c200000| Untracked 
| 103|0x000000008c300000, 0x000000008c300000, 0x000000008c400000|  0%| F|  |TAMS 0x000000008c300000, 0x000000008c300000| Untracked 
| 104|0x000000008c400000, 0x000000008c400000, 0x000000008c500000|  0%| F|  |TAMS 0x000000008c400000, 0x000000008c400000| Untracked 
| 105|0x000000008c500000, 0x000000008c500000, 0x000000008c600000|  0%| F|  |TAMS 0x000000008c500000, 0x000000008c500000| Untracked 
| 106|0x000000008c600000, 0x000000008c600000, 0x000000008c700000|  0%| F|  |TAMS 0x000000008c600000, 0x000000008c600000| Untracked 
| 107|0x000000008c700000, 0x000000008c700000, 0x000000008c800000|  0%| F|  |TAMS 0x000000008c700000, 0x000000008c700000| Untracked 
| 108|0x000000008c800000, 0x000000008c800000, 0x000000008c900000|  0%| F|  |TAMS 0x000000008c800000, 0x000000008c800000| Untracked 
| 109|0x000000008c900000, 0x000000008c900000, 0x000000008ca00000|  0%| F|  |TAMS 0x000000008c900000, 0x000000008c900000| Untracked 
| 110|0x000000008ca00000, 0x000000008ca00000, 0x000000008cb00000|  0%| F|  |TAMS 0x000000008ca00000, 0x000000008ca00000| Untracked 
| 111|0x000000008cb00000, 0x000000008cb00000, 0x000000008cc00000|  0%| F|  |TAMS 0x000000008cb00000, 0x000000008cb00000| Untracked 
| 112|0x000000008cc00000, 0x000000008cc00000, 0x000000008cd00000|  0%| F|  |TAMS 0x000000008cc00000, 0x000000008cc00000| Untracked 
| 113|0x000000008cd00000, 0x000000008cd00000, 0x000000008ce00000|  0%| F|  |TAMS 0x000000008cd00000, 0x000000008cd00000| Untracked 
| 114|0x000000008ce00000, 0x000000008ce00000, 0x000000008cf00000|  0%| F|  |TAMS 0x000000008ce00000, 0x000000008ce00000| Untracked 
| 115|0x000000008cf00000, 0x000000008cf00000, 0x000000008d000000|  0%| F|  |TAMS 0x000000008cf00000, 0x000000008cf00000| Untracked 
| 116|0x000000008d000000, 0x000000008d000000, 0x000000008d100000|  0%| F|  |TAMS 0x000000008d000000, 0x000000008d000000| Untracked 
| 117|0x000000008d100000, 0x000000008d100000, 0x000000008d200000|  0%| F|  |TAMS 0x000000008d100000, 0x000000008d100000| Untracked 
| 118|0x000000008d200000, 0x000000008d300000, 0x000000008d300000|100%| E|  |TAMS 0x000000008d200000, 0x000000008d200000| Complete 
| 119|0x000000008d300000, 0x000000008d400000, 0x000000008d400000|100%| E|CS|TAMS 0x000000008d300000, 0x000000008d300000| Complete 
| 120|0x000000008d400000, 0x000000008d500000, 0x000000008d500000|100%| E|CS|TAMS 0x000000008d400000, 0x000000008d400000| Complete 
| 121|0x000000008d500000, 0x000000008d600000, 0x000000008d600000|100%| E|CS|TAMS 0x000000008d500000, 0x000000008d500000| Complete 
| 122|0x000000008d600000, 0x000000008d700000, 0x000000008d700000|100%| E|CS|TAMS 0x000000008d600000, 0x000000008d600000| Complete 
| 123|0x000000008d700000, 0x000000008d800000, 0x000000008d800000|100%| E|CS|TAMS 0x000000008d700000, 0x000000008d700000| Complete 

Card table byte_map: [0x00007f6e8785c000,0x00007f6e87c2e000] _byte_map_base: 0x00007f6e8742e000

Marking Bits (Prev, Next): (CMBitMap*) 0x00007f6ea4061ee8, (CMBitMap*) 0x00007f6ea4061f20
 Prev Bits: [0x00007f6e855fa000, 0x00007f6e8748a000)
 Next Bits: [0x00007f6e8376a000, 0x00007f6e855fa000)

Polling page: 0x00007f6eabbc0000

Metaspace:

Usage:
  Non-class:     16,29 MB capacity,    16,02 MB ( 98%) used,   206,80 KB (  1%) free+waste,    60,31 KB ( <1%) overhead. 
      Class:      2,13 MB capacity,     1,87 MB ( 88%) used,   235,99 KB ( 11%) free+waste,    31,06 KB (  1%) overhead. 
       Both:     18,42 MB capacity,    17,90 MB ( 97%) used,   442,79 KB (  2%) free+waste,    91,38 KB ( <1%) overhead. 

Virtual space:
  Non-class space:       18,00 MB reserved,      16,50 MB ( 92%) committed 
      Class space:        1,00 GB reserved,       2,25 MB ( <1%) committed 
             Both:        1,02 GB reserved,      18,75 MB (  2%) committed 

Chunk freelists:
   Non-Class:  27,00 KB
       Class:  3,00 KB
        Both:  30,00 KB

CodeHeap 'non-profiled nmethods': size=120032Kb used=985Kb max_used=985Kb free=119046Kb
 bounds [0x00007f6e9470d000, 0x00007f6e9497d000, 0x00007f6e9bc45000]
CodeHeap 'profiled nmethods': size=120028Kb used=4096Kb max_used=4096Kb free=115931Kb
 bounds [0x00007f6e8d1d6000, 0x00007f6e8d5e6000, 0x00007f6e9470d000]
CodeHeap 'non-nmethods': size=5700Kb used=1251Kb max_used=1289Kb free=4448Kb
 bounds [0x00007f6e8cc45000, 0x00007f6e8ceb5000, 0x00007f6e8d1d6000]
 total_blobs=3131 nmethods=2002 adapters=578
 compilation: enabled
              stopped_count=0, restarted_count=0
 full_count=0

Compilation events (10 events):
Event: 925,917 Thread 0x00007f6ea4183800 1998       1       java.awt.event.ComponentAdapter::componentMoved (1 bytes)
Event: 925,917 Thread 0x00007f6ea4183800 nmethod 1998 0x00007f6e94801f90 code [0x00007f6e94802140, 0x00007f6e94802250]
Event: 927,187 Thread 0x00007f6ea4181800 1999   !   4       sun.awt.X11.XDragSourceContextPeer::processEvent (34 bytes)
Event: 927,207 Thread 0x00007f6ea4181800 nmethod 1999 0x00007f6e94802290 code [0x00007f6e948024a0, 0x00007f6e94802a20]
Event: 927,207 Thread 0x00007f6ea4181800 2000   !   4       sun.awt.X11.XDragSourceContextPeer::doProcessEvent (690 bytes)
Event: 927,209 Thread 0x00007f6ea4181800 nmethod 2000 0x00007f6e94802e10 code [0x00007f6e94802fa0, 0x00007f6e94803058]
Event: 927,243 Thread 0x00007f6ea4181800 2001   !   4       sun.awt.X11.XWM::getWMID (384 bytes)
Event: 927,249 Thread 0x00007f6ea4181800 nmethod 2001 0x00007f6e94803110 code [0x00007f6e948032e0, 0x00007f6e94803448]
Event: 972,622 Thread 0x00007f6ea4183800 2002       3       java.lang.ref.ReferenceQueue::reallyPoll (65 bytes)
Event: 972,623 Thread 0x00007f6ea4183800 nmethod 2002 0x00007f6e8d5d5a10 code [0x00007f6e8d5d5c00, 0x00007f6e8d5d6150]

GC Heap History (2 events):
Event: 912,611 GC heap before
{Heap before GC invocations=0 (full 0):
 garbage-first heap   total 126976K, used 24576K [0x0000000085c00000, 0x0000000100000000)
  region size 1024K, 24 young (24576K), 0 survivors (0K)
 Metaspace       used 18243K, capacity 18796K, committed 19200K, reserved 1067008K
  class space    used 1915K, capacity 2184K, committed 2304K, reserved 1048576K
}
Event: 912,620 GC heap after
{Heap after GC invocations=1 (full 0):
 garbage-first heap   total 126976K, used 3421K [0x0000000085c00000, 0x0000000100000000)
  region size 1024K, 3 young (3072K), 3 survivors (3072K)
 Metaspace       used 18243K, capacity 18796K, committed 19200K, reserved 1067008K
  class space    used 1915K, capacity 2184K, committed 2304K, reserved 1048576K
}

Deoptimization events (10 events):
Event: 2,945 Thread 0x00007f6ea43e8000 Uncommon trap: reason=class_check action=maybe_recompile pc=0x00007f6e94765840 method=java.util.HashMap.putVal(ILjava/lang/Object;Ljava/lang/Object;ZZ)Ljava/lang/Object; @ 253 c2
Event: 2,945 Thread 0x00007f6ea43e8000 Uncommon trap: reason=class_check action=maybe_recompile pc=0x00007f6e94765840 method=java.util.HashMap.putVal(ILjava/lang/Object;Ljava/lang/Object;ZZ)Ljava/lang/Object; @ 253 c2
Event: 2,945 Thread 0x00007f6ea43e8000 Uncommon trap: reason=class_check action=maybe_recompile pc=0x00007f6e94765840 method=java.util.HashMap.putVal(ILjava/lang/Object;Ljava/lang/Object;ZZ)Ljava/lang/Object; @ 253 c2
Event: 15,268 Thread 0x00007f6ea43e8000 Uncommon trap: reason=unstable_if action=reinterpret pc=0x00007f6e9477dab4 method=java.awt.Component.inside(II)Z @ 1 c2
Event: 16,238 Thread 0x00007f6ea43e8000 Uncommon trap: reason=unstable_if action=reinterpret pc=0x00007f6e94740f88 method=java.util.concurrent.ConcurrentHashMap.get(Ljava/lang/Object;)Ljava/lang/Object; @ 76 c2
Event: 17,367 Thread 0x00007f6ea43e8000 Uncommon trap: reason=unstable_if action=reinterpret pc=0x00007f6e94798f8c method=java.awt.Container.getMouseEventTargetImpl(IIZLjava/awt/Container$EventTargetFilter;ZZ)Ljava/awt/Component; @ 218 c2
Event: 914,460 Thread 0x00007f6ea43e8000 Uncommon trap: reason=intrinsic_or_type_checked_inlining action=make_not_entrant pc=0x00007f6e947b2374 method=java.util.Arrays.copyOf([Ljava/lang/Object;ILjava/lang/Class;)[Ljava/lang/Object; @ 35 c2
Event: 914,460 Thread 0x00007f6ea43e8000 Uncommon trap: reason=unstable_if action=reinterpret pc=0x00007f6e947824e4 method=java.lang.ref.SoftReference.get()Ljava/lang/Object; @ 17 c2
Event: 917,439 Thread 0x00007f6ea43e0000 Uncommon trap: reason=unstable_if action=reinterpret pc=0x00007f6e947c7db8 method=sun.awt.X11.XWindow.handleMotionNotify(Lsun/awt/X11/XEvent;)V @ 70 c2
Event: 996,576 Thread 0x00007f6ea43e0000 Uncommon trap: reason=unstable_if action=reinterpret pc=0x00007f6e947d77a8 method=sun.awt.X11.XDropTargetEventProcessor.doProcessEvent(Lsun/awt/X11/XEvent;)Z @ 6 c2

Classes redefined (0 events):
No events

Internal exceptions (10 events):
Event: 1,266 Thread 0x00007f6ea43e8000 Exception <a 'java/lang/NoSuchMethodError'{0x000000008cd800f8}: java.lang.invoke.DirectMethodHandle$Holder.invokeStatic(Ljava/lang/Object;Ljava/lang/Object;Ljava/lang/Object;Ljava/lang/Object;Ljava/lang/Object;Ljava/lang/Object;Ljava/lang/Object;Ljava/lan
Event: 1,267 Thread 0x00007f6ea43e8000 Exception <a 'java/lang/NoSuchMethodError'{0x000000008cd8c668}: java.lang.invoke.DirectMethodHandle$Holder.invokeStatic(Ljava/lang/Object;Ljava/lang/Object;Ljava/lang/Object;Ljava/lang/Object;Ljava/lang/Object;Ljava/lang/Object;Ljava/lang/Object;Ljava/lan
Event: 1,268 Thread 0x00007f6ea43e8000 Exception <a 'java/lang/NoSuchMethodError'{0x000000008cd98fc0}: java.lang.invoke.DirectMethodHandle$Holder.invokeStatic(Ljava/lang/Object;Ljava/lang/Object;Ljava/lang/Object;Ljava/lang/Object;Ljava/lang/Object;Ljava/lang/Object;Ljava/lang/Object;Ljava/lan
Event: 1,272 Thread 0x00007f6ea43e8000 Exception <a 'java/lang/NoSuchMethodError'{0x000000008cdf55b0}: java.lang.invoke.DirectMethodHandle$Holder.invokeStatic(Ljava/lang/Object;Ljava/lang/Object;Ljava/lang/Object;Ljava/lang/Object;Ljava/lang/Object;Ljava/lang/Object;Ljava/lang/Object;Ljava/lan
Event: 1,273 Thread 0x00007f6ea43e8000 Exception <a 'java/lang/NoSuchMethodError'{0x000000008cc14240}: java.lang.invoke.DirectMethodHandle$Holder.invokeStatic(Ljava/lang/Object;Ljava/lang/Object;Ljava/lang/Object;Ljava/lang/Object;Ljava/lang/Object;Ljava/lang/Object;Ljava/lang/Object;Ljava/lan
Event: 1,274 Thread 0x00007f6ea43e8000 Exception <a 'java/lang/NoSuchMethodError'{0x000000008cc32cc0}: java.lang.invoke.DirectMethodHandle$Holder.invokeStatic(Ljava/lang/Object;Ljava/lang/Object;Ljava/lang/Object;Ljava/lang/Object;Ljava/lang/Object;Ljava/lang/Object;Ljava/lang/Object;Ljava/lan
Event: 1,275 Thread 0x00007f6ea43e8000 Exception <a 'java/lang/NoSuchMethodError'{0x000000008cc52da8}: java.lang.invoke.DirectMethodHandle$Holder.invokeStatic(Ljava/lang/Object;Ljava/lang/Object;Ljava/lang/Object;Ljava/lang/Object;Ljava/lang/Object;Ljava/lang/Object;Ljava/lang/Object;Ljava/lan
Event: 2,944 Thread 0x00007f6ea43e8000 Exception <a 'java/lang/NoSuchMethodError'{0x000000008c5297a0}: java.lang.invoke.DirectMethodHandle$Holder.invokeStaticInit(Ljava/lang/Object;)V> (0x000000008c5297a0) thrown at [/scratch/opt/mach5/mesos/work_dir/slaves/83bb4d84-382c-4ead-b585-d8ef0018fefe
Event: 3,049 Thread 0x00007f6ea43e8000 Exception <a 'java/lang/UnsupportedOperationException'{0x000000008c5b3e10}: > (0x000000008c5b3e10) thrown at [/scratch/opt/mach5/mesos/work_dir/slaves/83bb4d84-382c-4ead-b585-d8ef0018fefe-S6551/frameworks/1735e8a2-a1db-478c-8104-60c8b0af87dd-0196/executor
Event: 16,233 Thread 0x00007f6ea43e8000 Exception <a 'java/net/SocketException'{0x000000008c4dd5d0}> (0x000000008c4dd5d0) thrown at [/scratch/opt/mach5/mesos/work_dir/slaves/83bb4d84-382c-4ead-b585-d8ef0018fefe-S6551/frameworks/1735e8a2-a1db-478c-8104-60c8b0af87dd-0196/executors/69c12dab-0976-4

Events (10 events):
Event: 917,439 Thread 0x00007f6ea43e0000 Uncommon trap: trap_request=0xffffff4d fr.pc=0x00007f6e947c7db8 relative=0x00000000000041f8
Event: 917,439 Thread 0x00007f6ea43e0000 DEOPT PACKING pc=0x00007f6e947c7db8 sp=0x00007f6e454184d0
Event: 917,439 Thread 0x00007f6ea43e0000 DEOPT UNPACKING pc=0x00007f6e8cc6d6a5 sp=0x00007f6e454184a0 mode 2
Event: 996,567 loading class jdk/internal/misc/Signal$1
Event: 996,567 loading class jdk/internal/misc/Signal$1 done
Event: 996,568 Thread 0x00007f6e58001000 Thread added: 0x00007f6e58001000
Event: 996,568 Executing VM operation: RevokeBias
Event: 996,576 Thread 0x00007f6ea43e0000 Uncommon trap: trap_request=0xffffff4d fr.pc=0x00007f6e947d77a8 relative=0x0000000000000768
Event: 996,576 Thread 0x00007f6ea43e0000 DEOPT PACKING pc=0x00007f6e947d77a8 sp=0x00007f6e45418890
Event: 996,576 Thread 0x00007f6ea43e0000 DEOPT UNPACKING pc=0x00007f6e8cc6d6a5 sp=0x00007f6e454187d8 mode 2


Dynamic libraries:
00400000-00401000 r-xp 00000000 08:06 428634                             /usr/local/jdk-11.0.1/bin/java
00600000-00601000 r--p 00000000 08:06 428634                             /usr/local/jdk-11.0.1/bin/java
00601000-00602000 rw-p 00001000 08:06 428634                             /usr/local/jdk-11.0.1/bin/java
01b19000-01b3a000 rw-p 00000000 00:00 0                                  [heap]
85c00000-8d800000 rw-p 00000000 00:00 0 
8d800000-100000000 ---p 00000000 00:00 0 
100000000-100240000 rw-p 00000000 00:00 0 
100240000-140000000 ---p 00000000 00:00 0 
7f6dec000000-7f6dec021000 rw-p 00000000 00:00 0 
7f6dec021000-7f6df0000000 ---p 00000000 00:00 0 
7f6df0000000-7f6df0021000 rw-p 00000000 00:00 0 
7f6df0021000-7f6df4000000 ---p 00000000 00:00 0 
7f6df4000000-7f6df4021000 rw-p 00000000 00:00 0 
7f6df4021000-7f6df8000000 ---p 00000000 00:00 0 
7f6df8000000-7f6df8021000 rw-p 00000000 00:00 0 
7f6df8021000-7f6dfc000000 ---p 00000000 00:00 0 
7f6dfc000000-7f6dfc021000 rw-p 00000000 00:00 0 
7f6dfc021000-7f6e00000000 ---p 00000000 00:00 0 
7f6e00000000-7f6e00021000 rw-p 00000000 00:00 0 
7f6e00021000-7f6e04000000 ---p 00000000 00:00 0 
7f6e04000000-7f6e04021000 rw-p 00000000 00:00 0 
7f6e04021000-7f6e08000000 ---p 00000000 00:00 0 
7f6e08000000-7f6e08021000 rw-p 00000000 00:00 0 
7f6e08021000-7f6e0c000000 ---p 00000000 00:00 0 
7f6e0c000000-7f6e0c021000 rw-p 00000000 00:00 0 
7f6e0c021000-7f6e10000000 ---p 00000000 00:00 0 
7f6e138f9000-7f6e138fd000 ---p 00000000 00:00 0 
7f6e138fd000-7f6e139fa000 rw-p 00000000 00:00 0 
7f6e139fa000-7f6e139fe000 ---p 00000000 00:00 0 
7f6e139fe000-7f6e13afb000 rw-p 00000000 00:00 0 
7f6e13afb000-7f6e13afc000 ---p 00000000 00:00 0 
7f6e13afc000-7f6e13bfc000 rw-p 00000000 00:00 0 
7f6e13bfc000-7f6e13bfd000 ---p 00000000 00:00 0 
7f6e13bfd000-7f6e13cfd000 rw-p 00000000 00:00 0 
7f6e13cfd000-7f6e13cfe000 ---p 00000000 00:00 0 
7f6e13cfe000-7f6e13dfe000 rw-p 00000000 00:00 0 
7f6e13dfe000-7f6e13dff000 ---p 00000000 00:00 0 
7f6e13dff000-7f6e13eff000 rw-p 00000000 00:00 0 
7f6e13eff000-7f6e13f00000 ---p 00000000 00:00 0 
7f6e13f00000-7f6e14000000 rw-p 00000000 00:00 0 
7f6e14000000-7f6e14021000 rw-p 00000000 00:00 0 
7f6e14021000-7f6e18000000 ---p 00000000 00:00 0 
7f6e18000000-7f6e18021000 rw-p 00000000 00:00 0 
7f6e18021000-7f6e1c000000 ---p 00000000 00:00 0 
7f6e1c000000-7f6e1c15b000 rw-p 00000000 00:00 0 
7f6e1c15b000-7f6e20000000 ---p 00000000 00:00 0 
7f6e20000000-7f6e2003d000 rw-p 00000000 00:00 0 
7f6e2003d000-7f6e24000000 ---p 00000000 00:00 0 
7f6e24000000-7f6e24021000 rw-p 00000000 00:00 0 
7f6e24021000-7f6e28000000 ---p 00000000 00:00 0 
7f6e28000000-7f6e282ee000 rw-p 00000000 00:00 0 
7f6e282ee000-7f6e2c000000 ---p 00000000 00:00 0 
7f6e2c000000-7f6e2c021000 rw-p 00000000 00:00 0 
7f6e2c021000-7f6e30000000 ---p 00000000 00:00 0 
7f6e30000000-7f6e30024000 rw-p 00000000 00:00 0 
7f6e30024000-7f6e34000000 ---p 00000000 00:00 0 
7f6e34000000-7f6e34021000 rw-p 00000000 00:00 0 
7f6e34021000-7f6e38000000 ---p 00000000 00:00 0 
7f6e38000000-7f6e38022000 rw-p 00000000 00:00 0 
7f6e38022000-7f6e3c000000 ---p 00000000 00:00 0 
7f6e3c000000-7f6e3c021000 rw-p 00000000 00:00 0 
7f6e3c021000-7f6e40000000 ---p 00000000 00:00 0 
7f6e40000000-7f6e40021000 rw-p 00000000 00:00 0 
7f6e40021000-7f6e44000000 ---p 00000000 00:00 0 
7f6e4402c000-7f6e4402d000 ---p 00000000 00:00 0 
7f6e4402d000-7f6e4412d000 rw-p 00000000 00:00 0 
7f6e4412d000-7f6e4412e000 ---p 00000000 00:00 0 
7f6e4412e000-7f6e4422e000 rw-p 00000000 00:00 0 
7f6e4422e000-7f6e44230000 r-xp 00000000 08:06 549252                     /usr/local/jdk-11.0.1/lib/libextnet.so
7f6e44230000-7f6e4442f000 ---p 00002000 08:06 549252                     /usr/local/jdk-11.0.1/lib/libextnet.so
7f6e4442f000-7f6e44430000 r--p 00001000 08:06 549252                     /usr/local/jdk-11.0.1/lib/libextnet.so
7f6e44430000-7f6e44431000 rw-p 00002000 08:06 549252                     /usr/local/jdk-11.0.1/lib/libextnet.so
7f6e44431000-7f6e444b1000 rw-p 00000000 00:00 0 
7f6e444b1000-7f6e44631000 ---p 00000000 00:00 0 
7f6e44631000-7f6e44831000 rw-p 00000000 00:00 0 
7f6e44913000-7f6e44917000 ---p 00000000 00:00 0 
7f6e44917000-7f6e44a14000 rw-p 00000000 00:00 0 
7f6e44a14000-7f6e44a18000 ---p 00000000 00:00 0 
7f6e44a18000-7f6e44d15000 rw-p 00000000 00:00 0 
7f6e44d15000-7f6e44d19000 ---p 00000000 00:00 0 
7f6e44d19000-7f6e45016000 rw-p 00000000 00:00 0 
7f6e45016000-7f6e4501a000 ---p 00000000 00:00 0 
7f6e4501a000-7f6e45117000 rw-p 00000000 00:00 0 
7f6e45117000-7f6e4511b000 ---p 00000000 00:00 0 
7f6e4511b000-7f6e45218000 rw-p 00000000 00:00 0 
7f6e45218000-7f6e4521c000 ---p 00000000 00:00 0 
7f6e4521c000-7f6e45319000 rw-p 00000000 00:00 0 
7f6e45319000-7f6e4531d000 ---p 00000000 00:00 0 
7f6e4531d000-7f6e4541a000 rw-p 00000000 00:00 0 
7f6e4541a000-7f6e4541f000 r-xp 00000000 08:06 401235                     /usr/lib/x86_64-linux-gnu/libXfixes.so.3.1.0
7f6e4541f000-7f6e4561e000 ---p 00005000 08:06 401235                     /usr/lib/x86_64-linux-gnu/libXfixes.so.3.1.0
7f6e4561e000-7f6e4561f000 r--p 00004000 08:06 401235                     /usr/lib/x86_64-linux-gnu/libXfixes.so.3.1.0
7f6e4561f000-7f6e45620000 rw-p 00005000 08:06 401235                     /usr/lib/x86_64-linux-gnu/libXfixes.so.3.1.0
7f6e45620000-7f6e45629000 r-xp 00000000 08:06 399647                     /usr/lib/x86_64-linux-gnu/libXcursor.so.1.0.2
7f6e45629000-7f6e45828000 ---p 00009000 08:06 399647                     /usr/lib/x86_64-linux-gnu/libXcursor.so.1.0.2
7f6e45828000-7f6e45829000 r--p 00008000 08:06 399647                     /usr/lib/x86_64-linux-gnu/libXcursor.so.1.0.2
7f6e45829000-7f6e4582a000 rw-p 00009000 08:06 399647                     /usr/lib/x86_64-linux-gnu/libXcursor.so.1.0.2
7f6e4582a000-7f6e4582b000 ---p 00000000 00:00 0 
7f6e4582b000-7f6e4602b000 rw-p 00000000 00:00 0 
7f6e4602b000-7f6e4602c000 ---p 00000000 00:00 0 
7f6e4602c000-7f6e46a2c000 rw-p 00000000 00:00 0 
7f6e46a2c000-7f6e46a2d000 ---p 00000000 00:00 0 
7f6e46a2d000-7f6e4722d000 rw-p 00000000 00:00 0 
7f6e4722d000-7f6e47238000 r-xp 00000000 08:06 654886                     /usr/lib/x86_64-linux-gnu/gio/modules/libdconfsettings.so
7f6e47238000-7f6e47438000 ---p 0000b000 08:06 654886                     /usr/lib/x86_64-linux-gnu/gio/modules/libdconfsettings.so
7f6e47438000-7f6e47439000 r--p 0000b000 08:06 654886                     /usr/lib/x86_64-linux-gnu/gio/modules/libdconfsettings.so
7f6e47439000-7f6e4743a000 rw-p 0000c000 08:06 654886                     /usr/lib/x86_64-linux-gnu/gio/modules/libdconfsettings.so
7f6e4743a000-7f6e474a8000 r-xp 00000000 08:06 136507                     /lib/x86_64-linux-gnu/libpcre.so.3.13.2
7f6e474a8000-7f6e476a8000 ---p 0006e000 08:06 136507                     /lib/x86_64-linux-gnu/libpcre.so.3.13.2
7f6e476a8000-7f6e476a9000 r--p 0006e000 08:06 136507                     /lib/x86_64-linux-gnu/libpcre.so.3.13.2
7f6e476a9000-7f6e476aa000 rw-p 0006f000 08:06 136507                     /lib/x86_64-linux-gnu/libpcre.so.3.13.2
7f6e476aa000-7f6e476b1000 r-xp 00000000 08:06 401612                     /usr/lib/x86_64-linux-gnu/libffi.so.6.0.4
7f6e476b1000-7f6e478b0000 ---p 00007000 08:06 401612                     /usr/lib/x86_64-linux-gnu/libffi.so.6.0.4
7f6e478b0000-7f6e478b1000 r--p 00006000 08:06 401612                     /usr/lib/x86_64-linux-gnu/libffi.so.6.0.4
7f6e478b1000-7f6e478b2000 rw-p 00007000 08:06 401612                     /usr/lib/x86_64-linux-gnu/libffi.so.6.0.4
7f6e478b2000-7f6e478c9000 r-xp 00000000 08:06 136530                     /lib/x86_64-linux-gnu/libresolv-2.23.so
7f6e478c9000-7f6e47ac9000 ---p 00017000 08:06 136530                     /lib/x86_64-linux-gnu/libresolv-2.23.so
7f6e47ac9000-7f6e47aca000 r--p 00017000 08:06 136530                     /lib/x86_64-linux-gnu/libresolv-2.23.so
7f6e47aca000-7f6e47acb000 rw-p 00018000 08:06 136530                     /lib/x86_64-linux-gnu/libresolv-2.23.so
7f6e47acb000-7f6e47acd000 rw-p 00000000 00:00 0 
7f6e47acd000-7f6e47aec000 r-xp 00000000 08:06 136536                     /lib/x86_64-linux-gnu/libselinux.so.1
7f6e47aec000-7f6e47ceb000 ---p 0001f000 08:06 136536                     /lib/x86_64-linux-gnu/libselinux.so.1
7f6e47ceb000-7f6e47cec000 r--p 0001e000 08:06 136536                     /lib/x86_64-linux-gnu/libselinux.so.1
7f6e47cec000-7f6e47ced000 rw-p 0001f000 08:06 136536                     /lib/x86_64-linux-gnu/libselinux.so.1
7f6e47ced000-7f6e47cef000 rw-p 00000000 00:00 0 
7f6e47cef000-7f6e47dfe000 r-xp 00000000 08:06 135947                     /lib/x86_64-linux-gnu/libglib-2.0.so.0.4800.2
7f6e47dfe000-7f6e47ffd000 ---p 0010f000 08:06 135947                     /lib/x86_64-linux-gnu/libglib-2.0.so.0.4800.2
7f6e47ffd000-7f6e47ffe000 r--p 0010e000 08:06 135947                     /lib/x86_64-linux-gnu/libglib-2.0.so.0.4800.2
7f6e47ffe000-7f6e47fff000 rw-p 0010f000 08:06 135947                     /lib/x86_64-linux-gnu/libglib-2.0.so.0.4800.2
7f6e47fff000-7f6e48000000 rw-p 00000000 00:00 0 
7f6e48000000-7f6e48021000 rw-p 00000000 00:00 0 
7f6e48021000-7f6e4c000000 ---p 00000000 00:00 0 
7f6e4c000000-7f6e4c021000 rw-p 00000000 00:00 0 
7f6e4c021000-7f6e50000000 ---p 00000000 00:00 0 
7f6e50000000-7f6e50704000 rw-p 00000000 00:00 0 
7f6e50704000-7f6e54000000 ---p 00000000 00:00 0 
7f6e54000000-7f6e54021000 rw-p 00000000 00:00 0 
7f6e54021000-7f6e58000000 ---p 00000000 00:00 0 
7f6e58000000-7f6e58021000 rw-p 00000000 00:00 0 
7f6e58021000-7f6e5c000000 ---p 00000000 00:00 0 
7f6e5c000000-7f6e5d7d4000 rw-p 00000000 00:00 0 
7f6e5d7d4000-7f6e60000000 ---p 00000000 00:00 0 
7f6e60000000-7f6e60021000 rw-p 00000000 00:00 0 
7f6e60021000-7f6e64000000 ---p 00000000 00:00 0 
7f6e64000000-7f6e64021000 rw-p 00000000 00:00 0 
7f6e64021000-7f6e68000000 ---p 00000000 00:00 0 
7f6e6802e000-7f6e68039000 r--s 00000000 08:06 798321                     /var/cache/fontconfig/945677eb7aeaf62f1d50efc3fb3ec7d8-le64.cache-6
7f6e68039000-7f6e6803f000 r--s 00000000 08:06 798303                     /var/cache/fontconfig/2cd17615ca594fa2959ae173292e504c-le64.cache-6
7f6e6803f000-7f6e68040000 r--s 00000000 08:06 798300                     /var/cache/fontconfig/0d8c3b2ac0904cb8a57a757ad11a4a08-le64.cache-6
7f6e68040000-7f6e68055000 r--s 00000000 08:06 798297                     /var/cache/fontconfig/04aabc0a78ac019cf9454389977116d2-le64.cache-6
7f6e68055000-7f6e68056000 r--s 00000000 08:06 798302                     /var/cache/fontconfig/1ac9eb803944fde146138c791f5cc56a-le64.cache-6
7f6e68056000-7f6e6805a000 r--s 00000000 08:06 798307                     /var/cache/fontconfig/385c0604a188198f04d133e54aba7fe7-le64.cache-6
7f6e6805a000-7f6e6805d000 r--s 00000000 08:06 798317                     /var/cache/fontconfig/767a8244fc0220cfb567a839d0392e0b-le64.cache-6
7f6e6805d000-7f6e68062000 r--s 00000000 08:06 798320                     /var/cache/fontconfig/8801497958630a81b71ace7c5f9b32a8-le64.cache-6
7f6e68062000-7f6e68069000 r--s 00000000 08:06 798304                     /var/cache/fontconfig/3047814df9a2f067bd2d96a2b9c36e5a-le64.cache-6
7f6e68069000-7f6e6806f000 r--s 00000000 08:06 798325                     /var/cache/fontconfig/b47c4e1ecd0709278f4910c18777a504-le64.cache-6
7f6e6806f000-7f6e68082000 r--s 00000000 08:06 798331                     /var/cache/fontconfig/d52a8644073d54c13679302ca1180695-le64.cache-6
7f6e68082000-7f6e68086000 ---p 00000000 00:00 0 
7f6e68086000-7f6e68183000 rw-p 00000000 00:00 0 
7f6e68183000-7f6e681cd000 r--p 00000000 08:06 949300                     /usr/share/glib-2.0/schemas/gschemas.compiled
7f6e681cd000-7f6e681d0000 r-xp 00000000 08:06 394425                     /usr/lib/x86_64-linux-gnu/libgmodule-2.0.so.0.4800.2
7f6e681d0000-7f6e683cf000 ---p 00003000 08:06 394425                     /usr/lib/x86_64-linux-gnu/libgmodule-2.0.so.0.4800.2
7f6e683cf000-7f6e683d0000 r--p 00002000 08:06 394425                     /usr/lib/x86_64-linux-gnu/libgmodule-2.0.so.0.4800.2
7f6e683d0000-7f6e683d1000 rw-p 00003000 08:06 394425                     /usr/lib/x86_64-linux-gnu/libgmodule-2.0.so.0.4800.2
7f6e683d1000-7f6e68423000 r-xp 00000000 08:06 394449                     /usr/lib/x86_64-linux-gnu/libgobject-2.0.so.0.4800.2
7f6e68423000-7f6e68622000 ---p 00052000 08:06 394449                     /usr/lib/x86_64-linux-gnu/libgobject-2.0.so.0.4800.2
7f6e68622000-7f6e68623000 r--p 00051000 08:06 394449                     /usr/lib/x86_64-linux-gnu/libgobject-2.0.so.0.4800.2
7f6e68623000-7f6e68624000 rw-p 00052000 08:06 394449                     /usr/lib/x86_64-linux-gnu/libgobject-2.0.so.0.4800.2
7f6e68624000-7f6e687a4000 r-xp 00000000 08:06 394470                     /usr/lib/x86_64-linux-gnu/libgio-2.0.so.0.4800.2
7f6e687a4000-7f6e689a4000 ---p 00180000 08:06 394470                     /usr/lib/x86_64-linux-gnu/libgio-2.0.so.0.4800.2
7f6e689a4000-7f6e689a8000 r--p 00180000 08:06 394470                     /usr/lib/x86_64-linux-gnu/libgio-2.0.so.0.4800.2
7f6e689a8000-7f6e689aa000 rw-p 00184000 08:06 394470                     /usr/lib/x86_64-linux-gnu/libgio-2.0.so.0.4800.2
7f6e689aa000-7f6e689ac000 rw-p 00000000 00:00 0 
7f6e689ac000-7f6e689b6000 r-xp 00000000 08:06 401253                     /usr/lib/x86_64-linux-gnu/libXrandr.so.2.2.0
7f6e689b6000-7f6e68bb5000 ---p 0000a000 08:06 401253                     /usr/lib/x86_64-linux-gnu/libXrandr.so.2.2.0
7f6e68bb5000-7f6e68bb6000 r--p 00009000 08:06 401253                     /usr/lib/x86_64-linux-gnu/libXrandr.so.2.2.0
7f6e68bb6000-7f6e68bb7000 rw-p 0000a000 08:06 401253                     /usr/lib/x86_64-linux-gnu/libXrandr.so.2.2.0
7f6e68bb7000-7f6e68bdb000 r-xp 00000000 08:06 136519                     /lib/x86_64-linux-gnu/libpng12.so.0.54.0
7f6e68bdb000-7f6e68dda000 ---p 00024000 08:06 136519                     /lib/x86_64-linux-gnu/libpng12.so.0.54.0
7f6e68dda000-7f6e68ddb000 r--p 00023000 08:06 136519                     /lib/x86_64-linux-gnu/libpng12.so.0.54.0
7f6e68ddb000-7f6e68ddc000 rw-p 00024000 08:06 136519                     /lib/x86_64-linux-gnu/libpng12.so.0.54.0
7f6e68ddc000-7f6e68e80000 r-xp 00000000 08:06 401660                     /usr/lib/x86_64-linux-gnu/libfreetype.so.6.12.1
7f6e68e80000-7f6e6907f000 ---p 000a4000 08:06 401660                     /usr/lib/x86_64-linux-gnu/libfreetype.so.6.12.1
7f6e6907f000-7f6e69085000 r--p 000a3000 08:06 401660                     /usr/lib/x86_64-linux-gnu/libfreetype.so.6.12.1
7f6e69085000-7f6e69086000 rw-p 000a9000 08:06 401660                     /usr/lib/x86_64-linux-gnu/libfreetype.so.6.12.1
7f6e69086000-7f6e69142000 r-xp 00000000 08:06 549253                     /usr/local/jdk-11.0.1/lib/libfontmanager.so
7f6e69142000-7f6e69342000 ---p 000bc000 08:06 549253                     /usr/local/jdk-11.0.1/lib/libfontmanager.so
7f6e69342000-7f6e69344000 r--p 000bc000 08:06 549253                     /usr/local/jdk-11.0.1/lib/libfontmanager.so
7f6e69344000-7f6e69345000 rw-p 000be000 08:06 549253                     /usr/local/jdk-11.0.1/lib/libfontmanager.so
7f6e69345000-7f6e69346000 rw-p 00000000 00:00 0 
7f6e69346000-7f6e6934b000 r-xp 00000000 08:06 401231                     /usr/lib/x86_64-linux-gnu/libXdmcp.so.6.0.0
7f6e6934b000-7f6e6954a000 ---p 00005000 08:06 401231                     /usr/lib/x86_64-linux-gnu/libXdmcp.so.6.0.0
7f6e6954a000-7f6e6954b000 r--p 00004000 08:06 401231                     /usr/lib/x86_64-linux-gnu/libXdmcp.so.6.0.0
7f6e6954b000-7f6e6954c000 rw-p 00005000 08:06 401231                     /usr/lib/x86_64-linux-gnu/libXdmcp.so.6.0.0
7f6e6954c000-7f6e6954e000 r-xp 00000000 08:06 401220                     /usr/lib/x86_64-linux-gnu/libXau.so.6.0.0
7f6e6954e000-7f6e6974e000 ---p 00002000 08:06 401220                     /usr/lib/x86_64-linux-gnu/libXau.so.6.0.0
7f6e6974e000-7f6e6974f000 r--p 00002000 08:06 401220                     /usr/lib/x86_64-linux-gnu/libXau.so.6.0.0
7f6e6974f000-7f6e69750000 rw-p 00003000 08:06 401220                     /usr/lib/x86_64-linux-gnu/libXau.so.6.0.0
7f6e69750000-7f6e69771000 r-xp 00000000 08:06 402646                     /usr/lib/x86_64-linux-gnu/libxcb.so.1.1.0
7f6e69771000-7f6e69970000 ---p 00021000 08:06 402646                     /usr/lib/x86_64-linux-gnu/libxcb.so.1.1.0
7f6e69970000-7f6e69971000 r--p 00020000 08:06 402646                     /usr/lib/x86_64-linux-gnu/libxcb.so.1.1.0
7f6e69971000-7f6e69972000 rw-p 00021000 08:06 402646                     /usr/lib/x86_64-linux-gnu/libxcb.so.1.1.0
7f6e69972000-7f6e69981000 r-xp 00000000 08:06 401243                     /usr/lib/x86_64-linux-gnu/libXi.so.6.1.0
7f6e69981000-7f6e69b80000 ---p 0000f000 08:06 401243                     /usr/lib/x86_64-linux-gnu/libXi.so.6.1.0
7f6e69b80000-7f6e69b81000 r--p 0000e000 08:06 401243                     /usr/lib/x86_64-linux-gnu/libXi.so.6.1.0
7f6e69b81000-7f6e69b82000 rw-p 0000f000 08:06 401243                     /usr/lib/x86_64-linux-gnu/libXi.so.6.1.0
7f6e69b82000-7f6e69b87000 r-xp 00000000 08:06 401261                     /usr/lib/x86_64-linux-gnu/libXtst.so.6.1.0
7f6e69b87000-7f6e69d86000 ---p 00005000 08:06 401261                     /usr/lib/x86_64-linux-gnu/libXtst.so.6.1.0
7f6e69d86000-7f6e69d87000 r--p 00004000 08:06 401261                     /usr/lib/x86_64-linux-gnu/libXtst.so.6.1.0
7f6e69d87000-7f6e69d88000 rw-p 00005000 08:06 401261                     /usr/lib/x86_64-linux-gnu/libXtst.so.6.1.0
7f6e69d88000-7f6e69d91000 r-xp 00000000 08:06 401255                     /usr/lib/x86_64-linux-gnu/libXrender.so.1.3.0
7f6e69d91000-7f6e69f90000 ---p 00009000 08:06 401255                     /usr/lib/x86_64-linux-gnu/libXrender.so.1.3.0
7f6e69f90000-7f6e69f91000 r--p 00008000 08:06 401255                     /usr/lib/x86_64-linux-gnu/libXrender.so.1.3.0
7f6e69f91000-7f6e69f92000 rw-p 00009000 08:06 401255                     /usr/lib/x86_64-linux-gnu/libXrender.so.1.3.0
7f6e69f92000-7f6e6a0c7000 r-xp 00000000 08:06 400313                     /usr/lib/x86_64-linux-gnu/libX11.so.6.3.0
7f6e6a0c7000-7f6e6a2c7000 ---p 00135000 08:06 400313                     /usr/lib/x86_64-linux-gnu/libX11.so.6.3.0
7f6e6a2c7000-7f6e6a2c8000 r--p 00135000 08:06 400313                     /usr/lib/x86_64-linux-gnu/libX11.so.6.3.0
7f6e6a2c8000-7f6e6a2cc000 rw-p 00136000 08:06 400313                     /usr/lib/x86_64-linux-gnu/libX11.so.6.3.0
7f6e6a2cc000-7f6e6a2dd000 r-xp 00000000 08:06 401233                     /usr/lib/x86_64-linux-gnu/libXext.so.6.4.0
7f6e6a2dd000-7f6e6a4dc000 ---p 00011000 08:06 401233                     /usr/lib/x86_64-linux-gnu/libXext.so.6.4.0
7f6e6a4dc000-7f6e6a4dd000 r--p 00010000 08:06 401233                     /usr/lib/x86_64-linux-gnu/libXext.so.6.4.0
7f6e6a4dd000-7f6e6a4de000 rw-p 00011000 08:06 401233                     /usr/lib/x86_64-linux-gnu/libXext.so.6.4.0
7f6e6a4de000-7f6e6a53b000 r-xp 00000000 08:06 549250                     /usr/local/jdk-11.0.1/lib/libawt_xawt.so
7f6e6a53b000-7f6e6a73b000 ---p 0005d000 08:06 549250                     /usr/local/jdk-11.0.1/lib/libawt_xawt.so
7f6e6a73b000-7f6e6a73c000 r--p 0005d000 08:06 549250                     /usr/local/jdk-11.0.1/lib/libawt_xawt.so
7f6e6a73c000-7f6e6a73f000 rw-p 0005e000 08:06 549250                     /usr/local/jdk-11.0.1/lib/libawt_xawt.so
7f6e6a73f000-7f6e6a741000 rw-p 00000000 00:00 0 
7f6e6a741000-7f6e6a7e1000 r-xp 00000000 08:06 549248                     /usr/local/jdk-11.0.1/lib/libawt.so
7f6e6a7e1000-7f6e6a9e0000 ---p 000a0000 08:06 549248                     /usr/local/jdk-11.0.1/lib/libawt.so
7f6e6a9e0000-7f6e6a9e1000 r--p 0009f000 08:06 549248                     /usr/local/jdk-11.0.1/lib/libawt.so
7f6e6a9e1000-7f6e6a9ec000 rw-p 000a0000 08:06 549248                     /usr/local/jdk-11.0.1/lib/libawt.so
7f6e6a9ec000-7f6e6aa11000 rw-p 00000000 00:00 0 
7f6e6aa11000-7f6e6aa27000 r-xp 00000000 08:06 549271                     /usr/local/jdk-11.0.1/lib/libnet.so
7f6e6aa27000-7f6e6ac26000 ---p 00016000 08:06 549271                     /usr/local/jdk-11.0.1/lib/libnet.so
7f6e6ac26000-7f6e6ac27000 r--p 00015000 08:06 549271                     /usr/local/jdk-11.0.1/lib/libnet.so
7f6e6ac27000-7f6e6ac28000 rw-p 00016000 08:06 549271                     /usr/local/jdk-11.0.1/lib/libnet.so
7f6e6ac28000-7f6e6ac38000 r-xp 00000000 08:06 549272                     /usr/local/jdk-11.0.1/lib/libnio.so
7f6e6ac38000-7f6e6ae37000 ---p 00010000 08:06 549272                     /usr/local/jdk-11.0.1/lib/libnio.so
7f6e6ae37000-7f6e6ae38000 r--p 0000f000 08:06 549272                     /usr/local/jdk-11.0.1/lib/libnio.so
7f6e6ae38000-7f6e6ae39000 rw-p 00010000 08:06 549272                     /usr/local/jdk-11.0.1/lib/libnio.so
7f6e6ae39000-7f6e6ae3d000 ---p 00000000 00:00 0 
7f6e6ae3d000-7f6e6af3a000 rw-p 00000000 00:00 0 
7f6e6af3a000-7f6e6af3b000 ---p 00000000 00:00 0 
7f6e6af3b000-7f6e6b03b000 rw-p 00000000 00:00 0 
7f6e6b03b000-7f6e6b03f000 ---p 00000000 00:00 0 
7f6e6b03f000-7f6e6b13c000 rw-p 00000000 00:00 0 
7f6e6b13c000-7f6e6b140000 ---p 00000000 00:00 0 
7f6e6b140000-7f6e6b23d000 rw-p 00000000 00:00 0 
7f6e6b23d000-7f6e6b241000 ---p 00000000 00:00 0 
7f6e6b241000-7f6e6b33e000 rw-p 00000000 00:00 0 
7f6e6b33e000-7f6e6b342000 ---p 00000000 00:00 0 
7f6e6b342000-7f6e6b43f000 rw-p 00000000 00:00 0 
7f6e6b43f000-7f6e6b443000 ---p 00000000 00:00 0 
7f6e6b443000-7f6e6b540000 rw-p 00000000 00:00 0 
7f6e6b540000-7f6e6beff000 r--p 00000000 08:06 398909                     /usr/lib/locale/locale-archive
7f6e6beff000-7f6e6bf03000 ---p 00000000 00:00 0 
7f6e6bf03000-7f6e6c000000 rw-p 00000000 00:00 0 
7f6e6c000000-7f6e6c021000 rw-p 00000000 00:00 0 
7f6e6c021000-7f6e70000000 ---p 00000000 00:00 0 
7f6e70000000-7f6e70021000 rw-p 00000000 00:00 0 
7f6e70021000-7f6e74000000 ---p 00000000 00:00 0 
7f6e74000000-7f6e74021000 rw-p 00000000 00:00 0 
7f6e74021000-7f6e78000000 ---p 00000000 00:00 0 
7f6e78000000-7f6e78021000 rw-p 00000000 00:00 0 
7f6e78021000-7f6e7c000000 ---p 00000000 00:00 0 
7f6e7c000000-7f6e7c021000 rw-p 00000000 00:00 0 
7f6e7c021000-7f6e80000000 ---p 00000000 00:00 0 
7f6e80000000-7f6e80001000 r--s 00000000 08:06 798334                     /var/cache/fontconfig/dc05db6664285cc2f12bf69c139ae4c3-le64.cache-6
7f6e80001000-7f6e80002000 r--s 00000000 08:06 798308                     /var/cache/fontconfig/4794a0821666d79190d59a36cb4f44b5-le64.cache-6
7f6e80002000-7f6e80003000 r--s 00000000 08:06 798327                     /var/cache/fontconfig/bab58bb527bb656aaa9f116d68a48d89-le64.cache-6
7f6e80003000-7f6e80004000 r--s 00000000 08:06 798311                     /var/cache/fontconfig/56cf4f4769d0f4abc89a4895d7bd3ae1-le64.cache-6
7f6e80004000-7f6e80005000 r--s 00000000 08:06 798326                     /var/cache/fontconfig/b9d506c9ac06c20b433354fa67a72993-le64.cache-6
7f6e80005000-7f6e80009000 r--s 00000000 08:06 798332                     /var/cache/fontconfig/d589a48862398ed80a3d6066f4f56f4c-le64.cache-6
7f6e80009000-7f6e80016000 r--s 00000000 08:06 798298                     /var/cache/fontconfig/089dead882dea3570ffc31a9898cfb69-le64.cache-6
7f6e8002e000-7f6e8004f000 r--p 00000000 08:06 925119                     /usr/share/locale-langpack/zh_CN/LC_MESSAGES/libc.mo
7f6e8004f000-7f6e80080000 rw-p 00000000 00:00 0 
7f6e80080000-7f6e80084000 ---p 00000000 00:00 0 
7f6e80084000-7f6e80181000 rw-p 00000000 00:00 0 
7f6e80181000-7f6e80182000 ---p 00000000 00:00 0 
7f6e80182000-7f6e80b5e000 rw-p 00000000 00:00 0 
7f6e80b5e000-7f6e80b5f000 ---p 00000000 00:00 0 
7f6e80b5f000-7f6e80c5f000 rw-p 00000000 00:00 0 
7f6e80c5f000-7f6e80c60000 ---p 00000000 00:00 0 
7f6e80c60000-7f6e8395a000 rw-p 00000000 00:00 0 
7f6e8395a000-7f6e855fa000 ---p 00000000 00:00 0 
7f6e855fa000-7f6e857ea000 rw-p 00000000 00:00 0 
7f6e857ea000-7f6e8748a000 ---p 00000000 00:00 0 
7f6e8748a000-7f6e874c8000 rw-p 00000000 00:00 0 
7f6e874c8000-7f6e8785c000 ---p 00000000 00:00 0 
7f6e8785c000-7f6e8789a000 rw-p 00000000 00:00 0 
7f6e8789a000-7f6e87c2e000 ---p 00000000 00:00 0 
7f6e87c2e000-7f6e87c6c000 rw-p 00000000 00:00 0 
7f6e87c6c000-7f6e88000000 ---p 00000000 00:00 0 
7f6e88000000-7f6e88021000 rw-p 00000000 00:00 0 
7f6e88021000-7f6e8c000000 ---p 00000000 00:00 0 
7f6e8c000000-7f6e8c001000 r--s 00000000 08:06 798310                     /var/cache/fontconfig/551ecf3b0e8b0bca0f25c0944f561853-le64.cache-6
7f6e8c001000-7f6e8c002000 r--s 00000000 08:06 798305                     /var/cache/fontconfig/30829fa25452a46451e813d634d7f916-le64.cache-6
7f6e8c002000-7f6e8c003000 r--s 00000000 08:06 798299                     /var/cache/fontconfig/0c9eb80ebd1c36541ebe2852d3bb0c49-le64.cache-6
7f6e8c003000-7f6e8c006000 r--s 00000000 08:06 798316                     /var/cache/fontconfig/75114ca45c98e8a441da0ff356701271-le64.cache-6
7f6e8c006000-7f6e8c011000 r--s 00000000 08:06 798319                     /var/cache/fontconfig/83bf95040141907cd45bb53cf7c1c148-le64.cache-6
7f6e8c011000-7f6e8c039000 rw-p 00000000 00:00 0 
7f6e8c039000-7f6e8c03a000 ---p 00000000 00:00 0 
7f6e8c03a000-7f6e8c13a000 rw-p 00000000 00:00 0 
7f6e8c13a000-7f6e8c13b000 ---p 00000000 00:00 0 
7f6e8c13b000-7f6e8cc45000 rw-p 00000000 00:00 0 
7f6e8cc45000-7f6e8ceb5000 rwxp 00000000 00:00 0 
7f6e8ceb5000-7f6e8d1d6000 ---p 00000000 00:00 0 
7f6e8d1d6000-7f6e8d5e6000 rwxp 00000000 00:00 0 
7f6e8d5e6000-7f6e9470d000 ---p 00000000 00:00 0 
7f6e9470d000-7f6e9497d000 rwxp 00000000 00:00 0 
7f6e9497d000-7f6e9bc45000 ---p 00000000 00:00 0 
7f6e9bc45000-7f6ea4000000 r--s 00000000 08:06 549282                     /usr/local/jdk-11.0.1/lib/modules
7f6ea4000000-7f6ea43ec000 rw-p 00000000 00:00 0 
7f6ea43ec000-7f6ea8000000 ---p 00000000 00:00 0 
7f6ea8000000-7f6ea8012000 r--s 00000000 08:06 798323                     /var/cache/fontconfig/9b89f8e3dae116d678bbf48e5f21f69b-le64.cache-6
7f6ea8012000-7f6ea8016000 r--s 00000000 08:06 798318                     /var/cache/fontconfig/7ef2298fde41cc6eeb7af42e48b7d293-le64.cache-6
7f6ea8016000-7f6ea801c000 r--p 00000000 08:08 1706303                    /home/yuheng/.config/dconf/user (deleted)
7f6ea801c000-7f6ea801d000 ---p 00000000 00:00 0 
7f6ea801d000-7f6ea8122000 rw-p 00000000 00:00 0 
7f6ea8122000-7f6ea8208000 ---p 00000000 00:00 0 
7f6ea8208000-7f6ea8211000 rw-p 00000000 00:00 0 
7f6ea8211000-7f6ea82f3000 ---p 00000000 00:00 0 
7f6ea82f3000-7f6ea830e000 r-xp 00000000 08:06 549263                     /usr/local/jdk-11.0.1/lib/libjimage.so
7f6ea830e000-7f6ea850d000 ---p 0001b000 08:06 549263                     /usr/local/jdk-11.0.1/lib/libjimage.so
7f6ea850d000-7f6ea850f000 r--p 0001a000 08:06 549263                     /usr/local/jdk-11.0.1/lib/libjimage.so
7f6ea850f000-7f6ea8510000 rw-p 0001c000 08:06 549263                     /usr/local/jdk-11.0.1/lib/libjimage.so
7f6ea8510000-7f6ea8517000 r-xp 00000000 08:06 549281                     /usr/local/jdk-11.0.1/lib/libzip.so
7f6ea8517000-7f6ea8716000 ---p 00007000 08:06 549281                     /usr/local/jdk-11.0.1/lib/libzip.so
7f6ea8716000-7f6ea8717000 r--p 00006000 08:06 549281                     /usr/local/jdk-11.0.1/lib/libzip.so
7f6ea8717000-7f6ea8718000 rw-p 00007000 08:06 549281                     /usr/local/jdk-11.0.1/lib/libzip.so
7f6ea8718000-7f6ea8723000 r-xp 00000000 08:06 136477                     /lib/x86_64-linux-gnu/libnss_files-2.23.so
7f6ea8723000-7f6ea8922000 ---p 0000b000 08:06 136477                     /lib/x86_64-linux-gnu/libnss_files-2.23.so
7f6ea8922000-7f6ea8923000 r--p 0000a000 08:06 136477                     /lib/x86_64-linux-gnu/libnss_files-2.23.so
7f6ea8923000-7f6ea8924000 rw-p 0000b000 08:06 136477                     /lib/x86_64-linux-gnu/libnss_files-2.23.so
7f6ea8924000-7f6ea892a000 rw-p 00000000 00:00 0 
7f6ea892a000-7f6ea8935000 r-xp 00000000 08:06 136487                     /lib/x86_64-linux-gnu/libnss_nis-2.23.so
7f6ea8935000-7f6ea8b34000 ---p 0000b000 08:06 136487                     /lib/x86_64-linux-gnu/libnss_nis-2.23.so
7f6ea8b34000-7f6ea8b35000 r--p 0000a000 08:06 136487                     /lib/x86_64-linux-gnu/libnss_nis-2.23.so
7f6ea8b35000-7f6ea8b36000 rw-p 0000b000 08:06 136487                     /lib/x86_64-linux-gnu/libnss_nis-2.23.so
7f6ea8b36000-7f6ea8b4c000 r-xp 00000000 08:06 136471                     /lib/x86_64-linux-gnu/libnsl-2.23.so
7f6ea8b4c000-7f6ea8d4b000 ---p 00016000 08:06 136471                     /lib/x86_64-linux-gnu/libnsl-2.23.so
7f6ea8d4b000-7f6ea8d4c000 r--p 00015000 08:06 136471                     /lib/x86_64-linux-gnu/libnsl-2.23.so
7f6ea8d4c000-7f6ea8d4d000 rw-p 00016000 08:06 136471                     /lib/x86_64-linux-gnu/libnsl-2.23.so
7f6ea8d4d000-7f6ea8d4f000 rw-p 00000000 00:00 0 
7f6ea8d4f000-7f6ea8d57000 r-xp 00000000 08:06 136473                     /lib/x86_64-linux-gnu/libnss_compat-2.23.so
7f6ea8d57000-7f6ea8f56000 ---p 00008000 08:06 136473                     /lib/x86_64-linux-gnu/libnss_compat-2.23.so
7f6ea8f56000-7f6ea8f57000 r--p 00007000 08:06 136473                     /lib/x86_64-linux-gnu/libnss_compat-2.23.so
7f6ea8f57000-7f6ea8f58000 rw-p 00008000 08:06 136473                     /lib/x86_64-linux-gnu/libnss_compat-2.23.so
7f6ea8f58000-7f6ea8f83000 r-xp 00000000 08:06 549259                     /usr/local/jdk-11.0.1/lib/libjava.so
7f6ea8f83000-7f6ea9182000 ---p 0002b000 08:06 549259                     /usr/local/jdk-11.0.1/lib/libjava.so
7f6ea9182000-7f6ea9183000 r--p 0002a000 08:06 549259                     /usr/local/jdk-11.0.1/lib/libjava.so
7f6ea9183000-7f6ea9185000 rw-p 0002b000 08:06 549259                     /usr/local/jdk-11.0.1/lib/libjava.so
7f6ea9185000-7f6ea9192000 r-xp 00000000 08:06 549280                     /usr/local/jdk-11.0.1/lib/libverify.so
7f6ea9192000-7f6ea9391000 ---p 0000d000 08:06 549280                     /usr/local/jdk-11.0.1/lib/libverify.so
7f6ea9391000-7f6ea9393000 r--p 0000c000 08:06 549280                     /usr/local/jdk-11.0.1/lib/libverify.so
7f6ea9393000-7f6ea9394000 rw-p 0000e000 08:06 549280                     /usr/local/jdk-11.0.1/lib/libverify.so
7f6ea9394000-7f6ea939b000 r-xp 00000000 08:06 136532                     /lib/x86_64-linux-gnu/librt-2.23.so
7f6ea939b000-7f6ea959a000 ---p 00007000 08:06 136532                     /lib/x86_64-linux-gnu/librt-2.23.so
7f6ea959a000-7f6ea959b000 r--p 00006000 08:06 136532                     /lib/x86_64-linux-gnu/librt-2.23.so
7f6ea959b000-7f6ea959c000 rw-p 00007000 08:06 136532                     /lib/x86_64-linux-gnu/librt-2.23.so
7f6ea959c000-7f6ea96a4000 r-xp 00000000 08:06 136448                     /lib/x86_64-linux-gnu/libm-2.23.so
7f6ea96a4000-7f6ea98a3000 ---p 00108000 08:06 136448                     /lib/x86_64-linux-gnu/libm-2.23.so
7f6ea98a3000-7f6ea98a4000 r--p 00107000 08:06 136448                     /lib/x86_64-linux-gnu/libm-2.23.so
7f6ea98a4000-7f6ea98a5000 rw-p 00108000 08:06 136448                     /lib/x86_64-linux-gnu/libm-2.23.so
7f6ea98a5000-7f6eaaa2d000 r-xp 00000000 08:06 549293                     /usr/local/jdk-11.0.1/lib/server/libjvm.so
7f6eaaa2d000-7f6eaac2d000 ---p 01188000 08:06 549293                     /usr/local/jdk-11.0.1/lib/server/libjvm.so
7f6eaac2d000-7f6eaacf7000 r--p 01188000 08:06 549293                     /usr/local/jdk-11.0.1/lib/server/libjvm.so
7f6eaacf7000-7f6eaad31000 rw-p 01252000 08:06 549293                     /usr/local/jdk-11.0.1/lib/server/libjvm.so
7f6eaad31000-7f6eaad87000 rw-p 00000000 00:00 0 
7f6eaad87000-7f6eaaf47000 r-xp 00000000 08:06 136378                     /lib/x86_64-linux-gnu/libc-2.23.so
7f6eaaf47000-7f6eab147000 ---p 001c0000 08:06 136378                     /lib/x86_64-linux-gnu/libc-2.23.so
7f6eab147000-7f6eab14b000 r--p 001c0000 08:06 136378                     /lib/x86_64-linux-gnu/libc-2.23.so
7f6eab14b000-7f6eab14d000 rw-p 001c4000 08:06 136378                     /lib/x86_64-linux-gnu/libc-2.23.so
7f6eab14d000-7f6eab151000 rw-p 00000000 00:00 0 
7f6eab151000-7f6eab154000 r-xp 00000000 08:06 136402                     /lib/x86_64-linux-gnu/libdl-2.23.so
7f6eab154000-7f6eab353000 ---p 00003000 08:06 136402                     /lib/x86_64-linux-gnu/libdl-2.23.so
7f6eab353000-7f6eab354000 r--p 00002000 08:06 136402                     /lib/x86_64-linux-gnu/libdl-2.23.so
7f6eab354000-7f6eab355000 rw-p 00003000 08:06 136402                     /lib/x86_64-linux-gnu/libdl-2.23.so
7f6eab355000-7f6eab364000 r-xp 00000000 08:06 549244                     /usr/local/jdk-11.0.1/lib/jli/libjli.so
7f6eab364000-7f6eab564000 ---p 0000f000 08:06 549244                     /usr/local/jdk-11.0.1/lib/jli/libjli.so
7f6eab564000-7f6eab565000 r--p 0000f000 08:06 549244                     /usr/local/jdk-11.0.1/lib/jli/libjli.so
7f6eab565000-7f6eab566000 rw-p 00010000 08:06 549244                     /usr/local/jdk-11.0.1/lib/jli/libjli.so
7f6eab566000-7f6eab57e000 r-xp 00000000 08:06 136524                     /lib/x86_64-linux-gnu/libpthread-2.23.so
7f6eab57e000-7f6eab77d000 ---p 00018000 08:06 136524                     /lib/x86_64-linux-gnu/libpthread-2.23.so
7f6eab77d000-7f6eab77e000 r--p 00017000 08:06 136524                     /lib/x86_64-linux-gnu/libpthread-2.23.so
7f6eab77e000-7f6eab77f000 rw-p 00018000 08:06 136524                     /lib/x86_64-linux-gnu/libpthread-2.23.so
7f6eab77f000-7f6eab783000 rw-p 00000000 00:00 0 
7f6eab783000-7f6eab79c000 r-xp 00000000 08:06 136569                     /lib/x86_64-linux-gnu/libz.so.1.2.8
7f6eab79c000-7f6eab99b000 ---p 00019000 08:06 136569                     /lib/x86_64-linux-gnu/libz.so.1.2.8
7f6eab99b000-7f6eab99c000 r--p 00018000 08:06 136569                     /lib/x86_64-linux-gnu/libz.so.1.2.8
7f6eab99c000-7f6eab99d000 rw-p 00019000 08:06 136569                     /lib/x86_64-linux-gnu/libz.so.1.2.8
7f6eab99d000-7f6eab9c3000 r-xp 00000000 08:06 136350                     /lib/x86_64-linux-gnu/ld-2.23.so
7f6eab9c3000-7f6eab9c6000 r--s 00000000 08:06 798335                     /var/cache/fontconfig/e13b20fdb08344e0e664864cc2ede53d-le64.cache-6
7f6eab9c6000-7f6eab9dd000 r--p 00000000 08:06 925017                     /usr/share/locale-langpack/zh_CN/LC_MESSAGES/glib20.mo
7f6eab9dd000-7f6eaba9e000 rw-p 00000000 00:00 0 
7f6eaba9e000-7f6eabaa2000 ---p 00000000 00:00 0 
7f6eabaa2000-7f6eabba4000 rw-p 00000000 00:00 0 
7f6eabba4000-7f6eabba5000 r--s 00000000 00:2f 28                         /run/user/1000/dconf/user (deleted)
7f6eabba5000-7f6eabbac000 r--s 00000000 08:06 654800                     /usr/lib/x86_64-linux-gnu/gconv/gconv-modules.cache
7f6eabbac000-7f6eabbb1000 rw-p 00000000 00:00 0 
7f6eabbb1000-7f6eabbb8000 ---p 00000000 00:00 0 
7f6eabbb8000-7f6eabbc0000 rw-s 00000000 08:06 276719                     /tmp/hsperfdata_yuheng/3425
7f6eabbc0000-7f6eabbc1000 ---p 00000000 00:00 0 
7f6eabbc1000-7f6eabbc2000 r--p 00000000 00:00 0 
7f6eabbc2000-7f6eabbc3000 r--p 00025000 08:06 136350                     /lib/x86_64-linux-gnu/ld-2.23.so
7f6eabbc3000-7f6eabbc4000 rw-p 00026000 08:06 136350                     /lib/x86_64-linux-gnu/ld-2.23.so
7f6eabbc4000-7f6eabbc5000 rw-p 00000000 00:00 0 
7ffd721ae000-7ffd721cf000 rw-p 00000000 00:00 0                          [stack]
7ffd721d1000-7ffd721d4000 r--p 00000000 00:00 0                          [vvar]
7ffd721d4000-7ffd721d6000 r-xp 00000000 00:00 0                          [vdso]
ffffffffff600000-ffffffffff601000 r-xp 00000000 00:00 0                  [vsyscall]


VM Arguments:
jvm_args: -Dfile.encoding=UTF-8 
java_command: Interface.Graphique
java_class_path (initial): /home/yuheng/eclipse-workspace/ChatApplication/bin
Launcher Type: SUN_STANDARD

[Global flags]
     intx CICompilerCount                          = 4                                         {product} {ergonomic}
     uint ConcGCThreads                            = 3                                         {product} {ergonomic}
     uint G1ConcRefinementThreads                  = 10                                        {product} {ergonomic}
   size_t G1HeapRegionSize                         = 1048576                                   {product} {ergonomic}
    uintx GCDrainStackTargetSize                   = 64                                        {product} {ergonomic}
   size_t InitialHeapSize                          = 130023424                                 {product} {ergonomic}
   size_t MarkStackSize                            = 4194304                                   {product} {ergonomic}
   size_t MaxHeapSize                              = 2051014656                                {product} {ergonomic}
   size_t MaxNewSize                               = 1229979648                                {product} {ergonomic}
   size_t MinHeapDeltaBytes                        = 1048576                                   {product} {ergonomic}
    uintx NonNMethodCodeHeapSize                   = 5835340                                {pd product} {ergonomic}
    uintx NonProfiledCodeHeapSize                  = 122911450                              {pd product} {ergonomic}
    uintx ProfiledCodeHeapSize                     = 122911450                              {pd product} {ergonomic}
    uintx ReservedCodeCacheSize                    = 251658240                              {pd product} {ergonomic}
     bool SegmentedCodeCache                       = true                                      {product} {ergonomic}
     bool UseCompressedClassPointers               = true                                 {lp64_product} {ergonomic}
     bool UseCompressedOops                        = true                                 {lp64_product} {ergonomic}
     bool UseG1GC                                  = true                                      {product} {ergonomic}

Logging:
Log output configuration:
 #0: stdout all=warning uptime,level,tags
 #1: stderr all=off uptime,level,tags

Environment Variables:
PATH=/home/yuheng/.opam/4.05.0/bin:/home/yuheng/bin:/home/yuheng/.local/bin:/usr/local/sbin:/usr/local/bin:/usr/sbin:/usr/bin:/sbin:/bin:/usr/games:/usr/local/games:/snap/bin
SHELL=/bin/bash
DISPLAY=:0

Signal Handlers:
SIGSEGV: [libjvm.so+0xe5ac10], sa_mask[0]=11111111011111111101111111111110, sa_flags=SA_RESTART|SA_SIGINFO
SIGBUS: [libjvm.so+0xe5ac10], sa_mask[0]=11111111011111111101111111111110, sa_flags=SA_RESTART|SA_SIGINFO
SIGFPE: [libjvm.so+0xe5ac10], sa_mask[0]=11111111011111111101111111111110, sa_flags=SA_RESTART|SA_SIGINFO
SIGPIPE: SIG_IGN, sa_mask[0]=00000000000010000000000000000000, sa_flags=SA_RESTART
SIGXFSZ: [libjvm.so+0xc30d00], sa_mask[0]=11111111011111111101111111111110, sa_flags=SA_RESTART|SA_SIGINFO
SIGILL: [libjvm.so+0xe5ac10], sa_mask[0]=11111111011111111101111111111110, sa_flags=SA_RESTART|SA_SIGINFO
SIGUSR2: [libjvm.so+0xc30ba0], sa_mask[0]=00100000000000000000000000000000, sa_flags=SA_RESTART|SA_SIGINFO
SIGHUP: [libjvm.so+0xc30f00], sa_mask[0]=11111111011111111101111111111110, sa_flags=SA_RESTART|SA_SIGINFO
SIGINT: [libjvm.so+0xc30f00], sa_mask[0]=11111111011111111101111111111110, sa_flags=SA_RESTART|SA_SIGINFO
SIGTERM: [libjvm.so+0xc30f00], sa_mask[0]=11111111011111111101111111111110, sa_flags=SA_RESTART|SA_SIGINFO
SIGQUIT: [libjvm.so+0xc30f00], sa_mask[0]=11111111011111111101111111111110, sa_flags=SA_RESTART|SA_SIGINFO


---------------  S Y S T E M  ---------------

OS:DISTRIB_ID=Ubuntu
DISTRIB_RELEASE=16.04
DISTRIB_CODENAME=xenial
DISTRIB_DESCRIPTION="Ubuntu 16.04.5 LTS"
uname:Linux 4.15.0-43-generic #46~16.04.1-Ubuntu SMP Fri Dec 7 13:31:08 UTC 2018 x86_64
libc:glibc 2.23 NPTL 2.23 
rlimit: STACK 8192k, CORE 0k, NPROC 30511, NOFILE 1048576, AS infinity, DATA infinity, FSIZE infinity
load average:0,69 0,44 0,38

/proc/meminfo:
MemTotal:        8005412 kB
MemFree:         4797032 kB
MemAvailable:    6186112 kB
Buffers:          231336 kB
Cached:          1346248 kB
SwapCached:            0 kB
Active:          1798168 kB
Inactive:         951568 kB
Active(anon):    1189916 kB
Inactive(anon):    43760 kB
Active(file):     608252 kB
Inactive(file):   907808 kB
Unevictable:          48 kB
Mlocked:              48 kB
SwapTotal:       3999740 kB
SwapFree:        3999740 kB
Dirty:                 8 kB
Writeback:            56 kB
AnonPages:       1166376 kB
Mapped:           356268 kB
Shmem:             61736 kB
Slab:             301752 kB
SReclaimable:     182832 kB
SUnreclaim:       118920 kB
KernelStack:        6268 kB
PageTables:        13124 kB
NFS_Unstable:          0 kB
Bounce:                0 kB
WritebackTmp:          0 kB
CommitLimit:     8002444 kB
Committed_AS:    1882720 kB
VmallocTotal:   34359738367 kB
VmallocUsed:           0 kB
VmallocChunk:          0 kB
HardwareCorrupted:     0 kB
AnonHugePages:         0 kB
ShmemHugePages:        0 kB
ShmemPmdMapped:        0 kB
CmaTotal:              0 kB
CmaFree:               0 kB
HugePages_Total:       0
HugePages_Free:        0
HugePages_Rsvd:        0
HugePages_Surp:        0
Hugepagesize:       2048 kB
DirectMap4k:      283780 kB
DirectMap2M:     5847040 kB
DirectMap1G:     2097152 kB


/proc/sys/kernel/threads-max (system-wide limit on the number of threads):
61023


/proc/sys/vm/max_map_count (maximum number of memory map areas a process may have):
65530


/proc/sys/kernel/pid_max (system-wide limit on number of process identifiers):
32768


container (cgroup) information:
container_type: cgroupv1
cpu_cpuset_cpus: 0-11
cpu_memory_nodes: 0
active_processor_count: 12
cpu_quota: -1
cpu_period: 100000
cpu_shares: -1
memory_limit_in_bytes: -1
memory_and_swap_limit_in_bytes: -2
memory_soft_limit_in_bytes: -1
memory_usage_in_bytes: 1831899136
memory_max_usage_in_bytes: 2642837504


CPU:total 12 (initial active 12) (6 cores per cpu, 2 threads per core) family 6 model 158 stepping 10, cmov, cx8, fxsr, mmx, sse, sse2, sse3, ssse3, sse4.1, sse4.2, popcnt, avx, avx2, aes, clmul, erms, 3dnowpref, lzcnt, ht, tsc, tscinvbit, bmi1, bmi2, adx, fma
CPU Model and flags from /proc/cpuinfo:
model name	: Intel(R) Core(TM) i7-8750H CPU @ 2.20GHz
flags		: fpu vme de pse tsc msr pae mce cx8 apic sep mtrr pge mca cmov pat pse36 clflush dts acpi mmx fxsr sse sse2 ss ht tm pbe syscall nx pdpe1gb rdtscp lm constant_tsc art arch_perfmon pebs bts rep_good nopl xtopology nonstop_tsc cpuid aperfmperf tsc_known_freq pni pclmulqdq dtes64 monitor ds_cpl vmx est tm2 ssse3 sdbg fma cx16 xtpr pdcm pcid sse4_1 sse4_2 x2apic movbe popcnt tsc_deadline_timer aes xsave avx f16c rdrand lahf_lm abm 3dnowprefetch cpuid_fault epb invpcid_single pti ssbd ibrs ibpb stibp tpr_shadow vnmi flexpriority ept vpid fsgsbase tsc_adjust bmi1 avx2 smep bmi2 erms invpcid mpx rdseed adx smap clflushopt intel_pt xsaveopt xsavec xgetbv1 xsaves dtherm ida arat pln pts hwp hwp_notify hwp_act_window hwp_epp flush_l1d

Memory: 4k page, physical 8005412k(4797924k free), swap 3999740k(3999740k free)

vm_info: Java HotSpot(TM) 64-Bit Server VM (11.0.1+13-LTS) for linux-amd64 JRE (11.0.1+13-LTS), built on Oct  6 2018 05:13:05 by "mach5one" with gcc 7.3.0

END.
